2016-01-15 16:32:15,090 [7] ERROR Error - 未找到视图“login”或其母版视图，或没有视图引擎支持搜索的位置。搜索了以下位置: 
~/Areas/Admin/Views/home/login.aspx
~/Areas/Admin/Views/home/login.ascx
~/Areas/Admin/Views/Shared/login.aspx
~/Areas/Admin/Views/Shared/login.ascx
~/Views/home/login.aspx
~/Views/home/login.ascx
~/Views/Shared/login.aspx
~/Views/Shared/login.ascx
~/Areas/Admin/Views/home/login.cshtml
~/Areas/Admin/Views/home/login.vbhtml
~/Areas/Admin/Views/Shared/login.cshtml
~/Areas/Admin/Views/Shared/login.vbhtml
~/Views/home/login.cshtml
~/Views/home/login.vbhtml
~/Views/Shared/login.cshtml
~/Views/Shared/login.vbhtml
System.InvalidOperationException: 未找到视图“login”或其母版视图，或没有视图引擎支持搜索的位置。搜索了以下位置: 
~/Areas/Admin/Views/home/login.aspx
~/Areas/Admin/Views/home/login.ascx
~/Areas/Admin/Views/Shared/login.aspx
~/Areas/Admin/Views/Shared/login.ascx
~/Views/home/login.aspx
~/Views/home/login.ascx
~/Views/Shared/login.aspx
~/Views/Shared/login.ascx
~/Areas/Admin/Views/home/login.cshtml
~/Areas/Admin/Views/home/login.vbhtml
~/Areas/Admin/Views/Shared/login.cshtml
~/Areas/Admin/Views/Shared/login.vbhtml
~/Views/home/login.cshtml
~/Views/home/login.vbhtml
~/Views/Shared/login.cshtml
~/Views/Shared/login.vbhtml
   在 System.Web.Mvc.ViewResult.FindView(ControllerContext context)
   在 System.Web.Mvc.ViewResultBase.ExecuteResult(ControllerContext context)
   在 System.Web.Mvc.ControllerActionInvoker.InvokeActionResult(ControllerContext controllerContext, ActionResult actionResult)
   在 System.Web.Mvc.ControllerActionInvoker.InvokeActionResultFilterRecursive(IList`1 filters, Int32 filterIndex, ResultExecutingContext preContext, ControllerContext controllerContext, ActionResult actionResult)
   在 System.Web.Mvc.ControllerActionInvoker.InvokeActionResultFilterRecursive(IList`1 filters, Int32 filterIndex, ResultExecutingContext preContext, ControllerContext controllerContext, ActionResult actionResult)
   在 System.Web.Mvc.ControllerActionInvoker.InvokeActionResultFilterRecursive(IList`1 filters, Int32 filterIndex, ResultExecutingContext preContext, ControllerContext controllerContext, ActionResult actionResult)
   在 System.Web.Mvc.ControllerActionInvoker.InvokeActionResultWithFilters(ControllerContext controllerContext, IList`1 filters, ActionResult actionResult)
   在 System.Web.Mvc.Async.AsyncControllerActionInvoker.<>c__DisplayClass1e.<>c__DisplayClass28.<BeginInvokeAction>b__19()
   在 System.Web.Mvc.Async.AsyncControllerActionInvoker.<>c__DisplayClass1e.<BeginInvokeAction>b__1b(IAsyncResult asyncResult)
2016-01-15 16:36:15,015 [7] ERROR Error - 未找到视图“login”或其母版视图，或没有视图引擎支持搜索的位置。搜索了以下位置: 
~/Areas/Admin/Views/home/login.aspx
~/Areas/Admin/Views/home/login.ascx
~/Areas/Admin/Views/Shared/login.aspx
~/Areas/Admin/Views/Shared/login.ascx
~/Views/home/login.aspx
~/Views/home/login.ascx
~/Views/Shared/login.aspx
~/Views/Shared/login.ascx
~/Areas/Admin/Views/home/login.cshtml
~/Areas/Admin/Views/home/login.vbhtml
~/Areas/Admin/Views/Shared/login.cshtml
~/Areas/Admin/Views/Shared/login.vbhtml
~/Views/home/login.cshtml
~/Views/home/login.vbhtml
~/Views/Shared/login.cshtml
~/Views/Shared/login.vbhtml
System.InvalidOperationException: 未找到视图“login”或其母版视图，或没有视图引擎支持搜索的位置。搜索了以下位置: 
~/Areas/Admin/Views/home/login.aspx
~/Areas/Admin/Views/home/login.ascx
~/Areas/Admin/Views/Shared/login.aspx
~/Areas/Admin/Views/Shared/login.ascx
~/Views/home/login.aspx
~/Views/home/login.ascx
~/Views/Shared/login.aspx
~/Views/Shared/login.ascx
~/Areas/Admin/Views/home/login.cshtml
~/Areas/Admin/Views/home/login.vbhtml
~/Areas/Admin/Views/Shared/login.cshtml
~/Areas/Admin/Views/Shared/login.vbhtml
~/Views/home/login.cshtml
~/Views/home/login.vbhtml
~/Views/Shared/login.cshtml
~/Views/Shared/login.vbhtml
   在 System.Web.Mvc.ViewResult.FindView(ControllerContext context)
   在 System.Web.Mvc.ViewResultBase.ExecuteResult(ControllerContext context)
   在 System.Web.Mvc.ControllerActionInvoker.InvokeActionResult(ControllerContext controllerContext, ActionResult actionResult)
   在 System.Web.Mvc.ControllerActionInvoker.InvokeActionResultFilterRecursive(IList`1 filters, Int32 filterIndex, ResultExecutingContext preContext, ControllerContext controllerContext, ActionResult actionResult)
   在 System.Web.Mvc.ControllerActionInvoker.InvokeActionResultFilterRecursive(IList`1 filters, Int32 filterIndex, ResultExecutingContext preContext, ControllerContext controllerContext, ActionResult actionResult)
   在 System.Web.Mvc.ControllerActionInvoker.InvokeActionResultFilterRecursive(IList`1 filters, Int32 filterIndex, ResultExecutingContext preContext, ControllerContext controllerContext, ActionResult actionResult)
   在 System.Web.Mvc.ControllerActionInvoker.InvokeActionResultWithFilters(ControllerContext controllerContext, IList`1 filters, ActionResult actionResult)
   在 System.Web.Mvc.Async.AsyncControllerActionInvoker.<>c__DisplayClass1e.<>c__DisplayClass28.<BeginInvokeAction>b__19()
   在 System.Web.Mvc.Async.AsyncControllerActionInvoker.<>c__DisplayClass1e.<BeginInvokeAction>b__1b(IAsyncResult asyncResult)
2016-01-15 19:15:52,902 [6] ERROR Error - Missing type map configuration or unsupported mapping.

Mapping types:
AdminInfo -> AdminDto
DataAccess.Domain.AdminInfo -> DataAccess.Domain.AdminDto

Destination path:
AdminDto

Source value:
DataAccess.Domain.AdminInfo
AutoMapper.AutoMapperMappingException: Missing type map configuration or unsupported mapping.

Mapping types:
AdminInfo -> AdminDto
DataAccess.Domain.AdminInfo -> DataAccess.Domain.AdminDto

Destination path:
AdminDto

Source value:
DataAccess.Domain.AdminInfo
   在 AutoMapper.MappingEngine.AutoMapper.IMappingEngineRunner.Map(ResolutionContext context)
   在 AutoMapper.MappingEngine.MapCore(Object source, Type sourceType, Type destinationType, MappingOperationOptions options)
   在 AutoMapper.MappingEngine.Map(Object source, Type sourceType, Type destinationType, Action`1 opts)
   在 AutoMapper.MappingEngine.Map[TDestination](Object source, Action`1 opts)
   在 AutoMapper.MappingEngine.Map[TDestination](Object source)
   在 AutoMapper.Mapper.Map[TDestination](Object source)
   在 MyFrameWork.Extensions.ProjectionsExtension.ProjectedAs[TTarget](Object source) 位置 c:\Users\user\Desktop\WebTemp\WebTemp\MyFrameWork\Extensions\ProjectionsExtension.cs:行号 20
   在 DataService.PurviewService.UserLogin(String username, String password, String ip) 位置 c:\Users\user\Desktop\WebTemp\WebTemp\DataService\PurviewService.cs:行号 248
   在 WebTemp.Areas.Admin.Controllers.HomeController.Login(String username, String password, Nullable`1 rememberMe) 位置 c:\Users\user\Desktop\WebTemp\WebTemp\WebTemp\Areas\Admin\Controllers\HomeController.cs:行号 50
   在 lambda_method(Closure , ControllerBase , Object[] )
   在 System.Web.Mvc.ActionMethodDispatcher.Execute(ControllerBase controller, Object[] parameters)
   在 System.Web.Mvc.ReflectedActionDescriptor.Execute(ControllerContext controllerContext, IDictionary`2 parameters)
   在 System.Web.Mvc.ControllerActionInvoker.InvokeActionMethod(ControllerContext controllerContext, ActionDescriptor actionDescriptor, IDictionary`2 parameters)
   在 System.Web.Mvc.Async.AsyncControllerActionInvoker.ActionInvocation.InvokeSynchronousActionMethod()
   在 System.Web.Mvc.Async.AsyncControllerActionInvoker.<BeginInvokeSynchronousActionMethod>b__36(IAsyncResult asyncResult, ActionInvocation innerInvokeState)
   在 System.Web.Mvc.Async.AsyncResultWrapper.WrappedAsyncResult`2.CallEndDelegate(IAsyncResult asyncResult)
   在 System.Web.Mvc.Async.AsyncResultWrapper.WrappedAsyncResultBase`1.End()
   在 System.Web.Mvc.Async.AsyncResultWrapper.End[TResult](IAsyncResult asyncResult, Object tag)
   在 System.Web.Mvc.Async.AsyncControllerActionInvoker.EndInvokeActionMethod(IAsyncResult asyncResult)
   在 System.Web.Mvc.Async.AsyncControllerActionInvoker.AsyncInvocationWithFilters.<InvokeActionMethodFilterAsynchronouslyRecursive>b__3c()
   在 System.Web.Mvc.Async.AsyncControllerActionInvoker.AsyncInvocationWithFilters.<>c__DisplayClass45.<InvokeActionMethodFilterAsynchronouslyRecursive>b__3e()
   在 System.Web.Mvc.Async.AsyncControllerActionInvoker.AsyncInvocationWithFilters.<>c__DisplayClass45.<InvokeActionMethodFilterAsynchronouslyRecursive>b__3e()
   在 System.Web.Mvc.Async.AsyncControllerActionInvoker.<>c__DisplayClass30.<BeginInvokeActionMethodWithFilters>b__2f(IAsyncResult asyncResult)
   在 System.Web.Mvc.Async.AsyncResultWrapper.WrappedAsyncResult`1.CallEndDelegate(IAsyncResult asyncResult)
   在 System.Web.Mvc.Async.AsyncResultWrapper.WrappedAsyncResultBase`1.End()
   在 System.Web.Mvc.Async.AsyncResultWrapper.End[TResult](IAsyncResult asyncResult, Object tag)
   在 System.Web.Mvc.Async.AsyncControllerActionInvoker.EndInvokeActionMethodWithFilters(IAsyncResult asyncResult)
   在 System.Web.Mvc.Async.AsyncControllerActionInvoker.<>c__DisplayClass1e.<>c__DisplayClass28.<BeginInvokeAction>b__19()
   在 System.Web.Mvc.Async.AsyncControllerActionInvoker.<>c__DisplayClass1e.<BeginInvokeAction>b__1b(IAsyncResult asyncResult)
