2016-01-15 17:00:48,997 [8] INFO  SqlResult - 已于 2016/1/15 17:00:48 +08:00
 打开了连接
2016-01-15 17:00:49,662 [8] INFO  SqlResult - SELECT 
    [GroupBy1].[A1] AS [C1]
    FROM ( SELECT 
        COUNT(1) AS [A1]
        FROM [dbo].[__MigrationHistory] AS [Extent1]
        WHERE [Extent1].[ContextKey] = @p__linq__0
    )  AS [GroupBy1]
2016-01-15 17:00:49,662 [8] INFO  SqlResult - 

2016-01-15 17:00:49,662 [8] INFO  SqlResult - -- p__linq__0: 'DataAccess.Context.MySqlContext' (Type = String, Size = 4000)

2016-01-15 17:00:49,663 [8] INFO  SqlResult - -- 正在 2016/1/15 17:00:49 +08:00
 执行
2016-01-15 17:00:49,801 [8] INFO  SqlResult - -- 已在 137 毫秒内失败，错误为: 对象名 'dbo.__MigrationHistory' 无效。

2016-01-15 17:00:49,801 [8] INFO  SqlResult - 

2016-01-15 17:00:49,893 [8] INFO  SqlResult - 已于 2016/1/15 17:00:49 +08:00
 关闭了连接
2016-01-15 17:00:49,952 [8] INFO  SqlResult - 已于 2016/1/15 17:00:49 +08:00
 打开了连接
2016-01-15 17:00:49,954 [8] INFO  SqlResult - SELECT 
    [GroupBy1].[A1] AS [C1]
    FROM ( SELECT 
        COUNT(1) AS [A1]
        FROM [dbo].[__MigrationHistory] AS [Extent1]
    )  AS [GroupBy1]
2016-01-15 17:00:49,954 [8] INFO  SqlResult - 

2016-01-15 17:00:49,954 [8] INFO  SqlResult - -- 正在 2016/1/15 17:00:49 +08:00
 执行
2016-01-15 17:00:50,072 [8] INFO  SqlResult - -- 已在 117 毫秒内失败，错误为: 对象名 'dbo.__MigrationHistory' 无效。

2016-01-15 17:00:50,072 [8] INFO  SqlResult - 

2016-01-15 17:00:50,159 [8] INFO  SqlResult - 已于 2016/1/15 17:00:50 +08:00
 关闭了连接
2016-01-15 17:03:15,685 [8] INFO  SqlResult - 已于 2016/1/15 17:03:15 +08:00
 打开了连接
2016-01-15 17:03:15,693 [8] INFO  SqlResult - 
SELECT Count(*)
FROM INFORMATION_SCHEMA.TABLES AS t
WHERE t.TABLE_SCHEMA + '.' + t.TABLE_NAME IN ('dbo.eb_admin','dbo.eb_role','dbo.eb_operate','dbo.eb_purview_field','dbo.eb_user')
    OR t.TABLE_NAME = 'EdmMetadata'
2016-01-15 17:03:15,693 [8] INFO  SqlResult - 

2016-01-15 17:03:15,694 [8] INFO  SqlResult - -- 正在 2016/1/15 17:03:15 +08:00
 执行
2016-01-15 17:03:15,711 [8] INFO  SqlResult - -- 已在 16 毫秒内完成，结果为: 4

2016-01-15 17:03:15,711 [8] INFO  SqlResult - 

2016-01-15 17:03:15,712 [8] INFO  SqlResult - 已于 2016/1/15 17:03:15 +08:00
 关闭了连接
2016-01-15 17:03:15,831 [8] INFO  SqlResult - 已于 2016/1/15 17:03:15 +08:00
 打开了连接
2016-01-15 17:03:16,458 [8] INFO  SqlResult - SELECT 
    [GroupBy1].[A1] AS [C1]
    FROM ( SELECT 
        COUNT(1) AS [A1]
        FROM [dbo].[__MigrationHistory] AS [Extent1]
        WHERE [Extent1].[ContextKey] = @p__linq__0
    )  AS [GroupBy1]
2016-01-15 17:03:16,458 [8] INFO  SqlResult - 

2016-01-15 17:03:16,459 [8] INFO  SqlResult - -- p__linq__0: 'DataAccess.Context.MySqlContext' (Type = String, Size = 4000)

2016-01-15 17:03:16,459 [8] INFO  SqlResult - -- 正在 2016/1/15 17:03:16 +08:00
 执行
2016-01-15 17:03:16,594 [8] INFO  SqlResult - -- 已在 135 毫秒内失败，错误为: 对象名 'dbo.__MigrationHistory' 无效。

2016-01-15 17:03:16,595 [8] INFO  SqlResult - 

2016-01-15 17:03:16,686 [8] INFO  SqlResult - 已于 2016/1/15 17:03:16 +08:00
 关闭了连接
2016-01-15 17:03:16,746 [8] INFO  SqlResult - 已于 2016/1/15 17:03:16 +08:00
 打开了连接
2016-01-15 17:03:16,748 [8] INFO  SqlResult - SELECT 
    [GroupBy1].[A1] AS [C1]
    FROM ( SELECT 
        COUNT(1) AS [A1]
        FROM [dbo].[__MigrationHistory] AS [Extent1]
    )  AS [GroupBy1]
2016-01-15 17:03:16,748 [8] INFO  SqlResult - 

2016-01-15 17:03:16,748 [8] INFO  SqlResult - -- 正在 2016/1/15 17:03:16 +08:00
 执行
2016-01-15 17:03:16,868 [8] INFO  SqlResult - -- 已在 120 毫秒内失败，错误为: 对象名 'dbo.__MigrationHistory' 无效。

2016-01-15 17:03:16,868 [8] INFO  SqlResult - 

2016-01-15 17:03:16,962 [8] INFO  SqlResult - 已于 2016/1/15 17:03:16 +08:00
 关闭了连接
2016-01-15 17:03:17,365 [8] INFO  SqlResult - 已于 2016/1/15 17:03:17 +08:00
 打开了连接
2016-01-15 17:03:17,472 [8] INFO  SqlResult - SELECT TOP (1) 
    [Extent1].[ID] AS [ID], 
    [Extent1].[UserName] AS [UserName], 
    [Extent1].[Password] AS [Password], 
    [Extent1].[role_id] AS [role_id], 
    [Extent1].[Login] AS [Login], 
    [Extent1].[reg_time] AS [reg_time], 
    [Extent1].[login_time] AS [login_time], 
    [Extent1].[update_time] AS [update_time], 
    [Extent1].[login_ip] AS [login_ip], 
    [Extent1].[Status] AS [Status], 
    [Extent1].[Remark] AS [Remark]
    FROM [dbo].[eb_admin] AS [Extent1]
    WHERE (([Extent1].[UserName] = @p__linq__0) OR (([Extent1].[UserName] IS NULL) AND (@p__linq__0 IS NULL))) AND (([Extent1].[Password] = @p__linq__1) OR (([Extent1].[Password] IS NULL) AND (@p__linq__1 IS NULL)))
2016-01-15 17:03:17,472 [8] INFO  SqlResult - 

2016-01-15 17:03:17,473 [8] INFO  SqlResult - -- p__linq__0: 'admin' (Type = String, Size = 4000)

2016-01-15 17:03:17,473 [8] INFO  SqlResult - -- p__linq__1: '21232f297a57a5a743894a0e4a801fc3' (Type = String, Size = 4000)

2016-01-15 17:03:17,473 [8] INFO  SqlResult - -- 正在 2016/1/15 17:03:17 +08:00
 执行
2016-01-15 17:03:17,490 [8] INFO  SqlResult - -- 已在 16 毫秒内完成，结果为: SqlDataReader

2016-01-15 17:03:17,490 [8] INFO  SqlResult - 

2016-01-15 17:08:06,418 [14] INFO  SqlResult - 已于 2016/1/15 17:08:06 +08:00
 打开了连接
2016-01-15 17:08:06,426 [14] INFO  SqlResult - 
SELECT Count(*)
FROM INFORMATION_SCHEMA.TABLES AS t
WHERE t.TABLE_SCHEMA + '.' + t.TABLE_NAME IN ('dbo.eb_admin','dbo.eb_role','dbo.eb_operate','dbo.eb_purview_field','dbo.eb_user')
    OR t.TABLE_NAME = 'EdmMetadata'
2016-01-15 17:08:06,426 [14] INFO  SqlResult - 

2016-01-15 17:08:06,426 [14] INFO  SqlResult - -- 正在 2016/1/15 17:08:06 +08:00
 执行
2016-01-15 17:08:06,439 [14] INFO  SqlResult - -- 已在 12 毫秒内完成，结果为: 4

2016-01-15 17:08:06,439 [14] INFO  SqlResult - 

2016-01-15 17:08:06,440 [14] INFO  SqlResult - 已于 2016/1/15 17:08:06 +08:00
 关闭了连接
2016-01-15 17:08:06,559 [14] INFO  SqlResult - 已于 2016/1/15 17:08:06 +08:00
 打开了连接
2016-01-15 17:08:07,189 [14] INFO  SqlResult - SELECT 
    [GroupBy1].[A1] AS [C1]
    FROM ( SELECT 
        COUNT(1) AS [A1]
        FROM [dbo].[__MigrationHistory] AS [Extent1]
        WHERE [Extent1].[ContextKey] = @p__linq__0
    )  AS [GroupBy1]
2016-01-15 17:08:07,189 [14] INFO  SqlResult - 

2016-01-15 17:08:07,189 [14] INFO  SqlResult - -- p__linq__0: 'DataAccess.Context.MySqlContext' (Type = String, Size = 4000)

2016-01-15 17:08:07,189 [14] INFO  SqlResult - -- 正在 2016/1/15 17:08:07 +08:00
 执行
2016-01-15 17:08:07,317 [14] INFO  SqlResult - -- 已在 127 毫秒内失败，错误为: 对象名 'dbo.__MigrationHistory' 无效。

2016-01-15 17:08:07,317 [14] INFO  SqlResult - 

2016-01-15 17:08:07,405 [14] INFO  SqlResult - 已于 2016/1/15 17:08:07 +08:00
 关闭了连接
2016-01-15 17:08:07,463 [14] INFO  SqlResult - 已于 2016/1/15 17:08:07 +08:00
 打开了连接
2016-01-15 17:08:07,465 [14] INFO  SqlResult - SELECT 
    [GroupBy1].[A1] AS [C1]
    FROM ( SELECT 
        COUNT(1) AS [A1]
        FROM [dbo].[__MigrationHistory] AS [Extent1]
    )  AS [GroupBy1]
2016-01-15 17:08:07,465 [14] INFO  SqlResult - 

2016-01-15 17:08:07,465 [14] INFO  SqlResult - -- 正在 2016/1/15 17:08:07 +08:00
 执行
2016-01-15 17:08:07,577 [14] INFO  SqlResult - -- 已在 112 毫秒内失败，错误为: 对象名 'dbo.__MigrationHistory' 无效。

2016-01-15 17:08:07,577 [14] INFO  SqlResult - 

2016-01-15 17:08:07,665 [14] INFO  SqlResult - 已于 2016/1/15 17:08:07 +08:00
 关闭了连接
2016-01-15 17:08:08,061 [14] INFO  SqlResult - 已于 2016/1/15 17:08:08 +08:00
 打开了连接
2016-01-15 17:08:08,171 [14] INFO  SqlResult - SELECT TOP (1) 
    [Extent1].[ID] AS [ID], 
    [Extent1].[UserName] AS [UserName], 
    [Extent1].[Password] AS [Password], 
    [Extent1].[role_id] AS [role_id], 
    [Extent1].[Login] AS [Login], 
    [Extent1].[reg_time] AS [reg_time], 
    [Extent1].[login_time] AS [login_time], 
    [Extent1].[update_time] AS [update_time], 
    [Extent1].[login_ip] AS [login_ip], 
    [Extent1].[Status] AS [Status], 
    [Extent1].[Remark] AS [Remark]
    FROM [dbo].[eb_admin] AS [Extent1]
    WHERE (([Extent1].[UserName] = @p__linq__0) OR (([Extent1].[UserName] IS NULL) AND (@p__linq__0 IS NULL))) AND (([Extent1].[Password] = @p__linq__1) OR (([Extent1].[Password] IS NULL) AND (@p__linq__1 IS NULL)))
2016-01-15 17:08:08,171 [14] INFO  SqlResult - 

2016-01-15 17:08:08,171 [14] INFO  SqlResult - -- p__linq__0: 'admin' (Type = String, Size = 4000)

2016-01-15 17:08:08,171 [14] INFO  SqlResult - -- p__linq__1: '21232f297a57a5a743894a0e4a801fc3' (Type = String, Size = 4000)

2016-01-15 17:08:08,171 [14] INFO  SqlResult - -- 正在 2016/1/15 17:08:08 +08:00
 执行
2016-01-15 17:08:08,185 [14] INFO  SqlResult - -- 已在 13 毫秒内完成，结果为: SqlDataReader

2016-01-15 17:08:08,185 [14] INFO  SqlResult - 

2016-01-15 17:08:08,233 [14] INFO  SqlResult - 已于 2016/1/15 17:08:08 +08:00
 关闭了连接
2016-01-15 17:08:08,274 [14] INFO  SqlResult - 已于 2016/1/15 17:08:08 +08:00
 打开了连接
2016-01-15 17:08:08,277 [14] INFO  SqlResult - 已于 2016/1/15 17:08:08 +08:00
 启动了事务
2016-01-15 17:08:08,350 [14] INFO  SqlResult - UPDATE [dbo].[eb_admin]
SET [UserName] = @0, [Password] = @1, [role_id] = @2, [Login] = @3, [reg_time] = @4, [login_time] = @5, [update_time] = @6, [login_ip] = @7, [Status] = @8, [Remark] = NULL
WHERE ([ID] = @9)

2016-01-15 17:08:08,351 [14] INFO  SqlResult - -- @0: 'admin' (Type = String, Size = 50)

2016-01-15 17:08:08,351 [14] INFO  SqlResult - -- @1: '21232f297a57a5a743894a0e4a801fc3' (Type = String, Size = -1)

2016-01-15 17:08:08,351 [14] INFO  SqlResult - -- @2: '1' (Type = Int32)

2016-01-15 17:08:08,351 [14] INFO  SqlResult - -- @3: '101' (Type = Int32)

2016-01-15 17:08:08,351 [14] INFO  SqlResult - -- @4: '2015/1/15 0:00:00' (Type = DateTime2)

2016-01-15 17:08:08,351 [14] INFO  SqlResult - -- @5: '2016/1/15 17:08:08' (Type = DateTime2)

2016-01-15 17:08:08,351 [14] INFO  SqlResult - -- @6: '2015/1/15 0:00:00' (Type = DateTime2)

2016-01-15 17:08:08,351 [14] INFO  SqlResult - -- @7: '::1' (Type = String, Size = -1)

2016-01-15 17:08:08,351 [14] INFO  SqlResult - -- @8: '0' (Type = Int32)

2016-01-15 17:08:08,351 [14] INFO  SqlResult - -- @9: '1' (Type = Int32)

2016-01-15 17:08:08,351 [14] INFO  SqlResult - -- 正在 2016/1/15 17:08:08 +08:00
 执行
2016-01-15 17:08:08,371 [14] INFO  SqlResult - -- 已在 19 毫秒内完成，结果为: 1

2016-01-15 17:08:08,372 [14] INFO  SqlResult - 

2016-01-15 17:08:08,375 [14] INFO  SqlResult - 已于 2016/1/15 17:08:08 +08:00
 提交了事务
2016-01-15 17:08:08,375 [14] INFO  SqlResult - 已于 2016/1/15 17:08:08 +08:00
 关闭了连接
2016-01-15 18:54:32,599 [6] INFO  SqlResult - 已于 2016/1/15 18:54:32 +08:00
 打开了连接
2016-01-15 18:54:32,606 [6] INFO  SqlResult - 
SELECT Count(*)
FROM INFORMATION_SCHEMA.TABLES AS t
WHERE t.TABLE_SCHEMA + '.' + t.TABLE_NAME IN ('dbo.eb_admin','dbo.eb_role','dbo.eb_operate','dbo.eb_purview_field','dbo.eb_user')
    OR t.TABLE_NAME = 'EdmMetadata'
2016-01-15 18:54:32,606 [6] INFO  SqlResult - 

2016-01-15 18:54:32,607 [6] INFO  SqlResult - -- 正在 2016/1/15 18:54:32 +08:00
 执行
2016-01-15 18:54:32,620 [6] INFO  SqlResult - -- 已在 12 毫秒内完成，结果为: 4

2016-01-15 18:54:32,620 [6] INFO  SqlResult - 

2016-01-15 18:54:32,620 [6] INFO  SqlResult - 已于 2016/1/15 18:54:32 +08:00
 关闭了连接
2016-01-15 18:54:32,735 [6] INFO  SqlResult - 已于 2016/1/15 18:54:32 +08:00
 打开了连接
2016-01-15 18:54:33,357 [6] INFO  SqlResult - SELECT 
    [GroupBy1].[A1] AS [C1]
    FROM ( SELECT 
        COUNT(1) AS [A1]
        FROM [dbo].[__MigrationHistory] AS [Extent1]
        WHERE [Extent1].[ContextKey] = @p__linq__0
    )  AS [GroupBy1]
2016-01-15 18:54:33,357 [6] INFO  SqlResult - 

2016-01-15 18:54:33,361 [6] INFO  SqlResult - -- p__linq__0: 'DataAccess.Context.MySqlContext' (Type = String, Size = 4000)

2016-01-15 18:54:33,361 [6] INFO  SqlResult - -- 正在 2016/1/15 18:54:33 +08:00
 执行
2016-01-15 18:54:33,495 [6] INFO  SqlResult - -- 已在 133 毫秒内失败，错误为: 对象名 'dbo.__MigrationHistory' 无效。

2016-01-15 18:54:33,495 [6] INFO  SqlResult - 

2016-01-15 18:54:33,588 [6] INFO  SqlResult - 已于 2016/1/15 18:54:33 +08:00
 关闭了连接
2016-01-15 18:54:33,648 [6] INFO  SqlResult - 已于 2016/1/15 18:54:33 +08:00
 打开了连接
2016-01-15 18:54:33,650 [6] INFO  SqlResult - SELECT 
    [GroupBy1].[A1] AS [C1]
    FROM ( SELECT 
        COUNT(1) AS [A1]
        FROM [dbo].[__MigrationHistory] AS [Extent1]
    )  AS [GroupBy1]
2016-01-15 18:54:33,650 [6] INFO  SqlResult - 

2016-01-15 18:54:33,650 [6] INFO  SqlResult - -- 正在 2016/1/15 18:54:33 +08:00
 执行
2016-01-15 18:54:33,760 [6] INFO  SqlResult - -- 已在 110 毫秒内失败，错误为: 对象名 'dbo.__MigrationHistory' 无效。

2016-01-15 18:54:33,760 [6] INFO  SqlResult - 

2016-01-15 18:54:33,847 [6] INFO  SqlResult - 已于 2016/1/15 18:54:33 +08:00
 关闭了连接
2016-01-15 18:54:34,244 [6] INFO  SqlResult - 已于 2016/1/15 18:54:34 +08:00
 打开了连接
2016-01-15 18:54:34,363 [6] INFO  SqlResult - SELECT TOP (1) 
    [Extent1].[ID] AS [ID], 
    [Extent1].[UserName] AS [UserName], 
    [Extent1].[Password] AS [Password], 
    [Extent1].[role_id] AS [role_id], 
    [Extent1].[Login] AS [Login], 
    [Extent1].[reg_time] AS [reg_time], 
    [Extent1].[login_time] AS [login_time], 
    [Extent1].[update_time] AS [update_time], 
    [Extent1].[login_ip] AS [login_ip], 
    [Extent1].[Status] AS [Status], 
    [Extent1].[Remark] AS [Remark]
    FROM [dbo].[eb_admin] AS [Extent1]
    WHERE (([Extent1].[UserName] = @p__linq__0) OR (([Extent1].[UserName] IS NULL) AND (@p__linq__0 IS NULL))) AND (([Extent1].[Password] = @p__linq__1) OR (([Extent1].[Password] IS NULL) AND (@p__linq__1 IS NULL)))
2016-01-15 18:54:34,363 [6] INFO  SqlResult - 

2016-01-15 18:54:34,363 [6] INFO  SqlResult - -- p__linq__0: 'admin' (Type = String, Size = 4000)

2016-01-15 18:54:34,363 [6] INFO  SqlResult - -- p__linq__1: '21232f297a57a5a743894a0e4a801fc3' (Type = String, Size = 4000)

2016-01-15 18:54:34,363 [6] INFO  SqlResult - -- 正在 2016/1/15 18:54:34 +08:00
 执行
2016-01-15 18:54:34,375 [6] INFO  SqlResult - -- 已在 11 毫秒内完成，结果为: SqlDataReader

2016-01-15 18:54:34,375 [6] INFO  SqlResult - 

2016-01-15 18:54:34,422 [6] INFO  SqlResult - 已于 2016/1/15 18:54:34 +08:00
 关闭了连接
2016-01-15 18:54:34,461 [6] INFO  SqlResult - 已于 2016/1/15 18:54:34 +08:00
 打开了连接
2016-01-15 18:54:34,466 [6] INFO  SqlResult - 已于 2016/1/15 18:54:34 +08:00
 启动了事务
2016-01-15 18:54:34,541 [6] INFO  SqlResult - UPDATE [dbo].[eb_admin]
SET [UserName] = @0, [Password] = @1, [role_id] = @2, [Login] = @3, [reg_time] = @4, [login_time] = @5, [update_time] = @6, [login_ip] = @7, [Status] = @8, [Remark] = NULL
WHERE ([ID] = @9)

2016-01-15 18:54:34,541 [6] INFO  SqlResult - -- @0: 'admin' (Type = String, Size = 50)

2016-01-15 18:54:34,541 [6] INFO  SqlResult - -- @1: '21232f297a57a5a743894a0e4a801fc3' (Type = String, Size = -1)

2016-01-15 18:54:34,541 [6] INFO  SqlResult - -- @2: '1' (Type = Int32)

2016-01-15 18:54:34,541 [6] INFO  SqlResult - -- @3: '102' (Type = Int32)

2016-01-15 18:54:34,541 [6] INFO  SqlResult - -- @4: '2015/1/15 0:00:00' (Type = DateTime2)

2016-01-15 18:54:34,541 [6] INFO  SqlResult - -- @5: '2016/1/15 18:54:34' (Type = DateTime2)

2016-01-15 18:54:34,541 [6] INFO  SqlResult - -- @6: '2015/1/15 0:00:00' (Type = DateTime2)

2016-01-15 18:54:34,541 [6] INFO  SqlResult - -- @7: '::1' (Type = String, Size = -1)

2016-01-15 18:54:34,541 [6] INFO  SqlResult - -- @8: '0' (Type = Int32)

2016-01-15 18:54:34,541 [6] INFO  SqlResult - -- @9: '1' (Type = Int32)

2016-01-15 18:54:34,541 [6] INFO  SqlResult - -- 正在 2016/1/15 18:54:34 +08:00
 执行
2016-01-15 18:54:34,559 [6] INFO  SqlResult - -- 已在 16 毫秒内完成，结果为: 1

2016-01-15 18:54:34,559 [6] INFO  SqlResult - 

2016-01-15 18:54:34,562 [6] INFO  SqlResult - 已于 2016/1/15 18:54:34 +08:00
 提交了事务
2016-01-15 18:54:34,562 [6] INFO  SqlResult - 已于 2016/1/15 18:54:34 +08:00
 关闭了连接
2016-01-15 18:57:35,906 [7] INFO  SqlResult - 已于 2016/1/15 18:57:35 +08:00
 打开了连接
2016-01-15 18:57:35,913 [7] INFO  SqlResult - 
SELECT Count(*)
FROM INFORMATION_SCHEMA.TABLES AS t
WHERE t.TABLE_SCHEMA + '.' + t.TABLE_NAME IN ('dbo.eb_admin','dbo.eb_role','dbo.eb_operate','dbo.eb_purview_field','dbo.eb_user')
    OR t.TABLE_NAME = 'EdmMetadata'
2016-01-15 18:57:35,913 [7] INFO  SqlResult - 

2016-01-15 18:57:35,913 [7] INFO  SqlResult - -- 正在 2016/1/15 18:57:35 +08:00
 执行
2016-01-15 18:57:35,927 [7] INFO  SqlResult - -- 已在 12 毫秒内完成，结果为: 4

2016-01-15 18:57:35,927 [7] INFO  SqlResult - 

2016-01-15 18:57:35,927 [7] INFO  SqlResult - 已于 2016/1/15 18:57:35 +08:00
 关闭了连接
2016-01-15 18:57:36,044 [7] INFO  SqlResult - 已于 2016/1/15 18:57:36 +08:00
 打开了连接
2016-01-15 18:57:36,666 [7] INFO  SqlResult - SELECT 
    [GroupBy1].[A1] AS [C1]
    FROM ( SELECT 
        COUNT(1) AS [A1]
        FROM [dbo].[__MigrationHistory] AS [Extent1]
        WHERE [Extent1].[ContextKey] = @p__linq__0
    )  AS [GroupBy1]
2016-01-15 18:57:36,666 [7] INFO  SqlResult - 

2016-01-15 18:57:36,667 [7] INFO  SqlResult - -- p__linq__0: 'DataAccess.Context.MySqlContext' (Type = String, Size = 4000)

2016-01-15 18:57:36,667 [7] INFO  SqlResult - -- 正在 2016/1/15 18:57:36 +08:00
 执行
2016-01-15 18:57:36,806 [7] INFO  SqlResult - -- 已在 139 毫秒内失败，错误为: 对象名 'dbo.__MigrationHistory' 无效。

2016-01-15 18:57:36,806 [7] INFO  SqlResult - 

2016-01-15 18:57:36,897 [7] INFO  SqlResult - 已于 2016/1/15 18:57:36 +08:00
 关闭了连接
2016-01-15 18:57:36,957 [7] INFO  SqlResult - 已于 2016/1/15 18:57:36 +08:00
 打开了连接
2016-01-15 18:57:36,958 [7] INFO  SqlResult - SELECT 
    [GroupBy1].[A1] AS [C1]
    FROM ( SELECT 
        COUNT(1) AS [A1]
        FROM [dbo].[__MigrationHistory] AS [Extent1]
    )  AS [GroupBy1]
2016-01-15 18:57:36,958 [7] INFO  SqlResult - 

2016-01-15 18:57:36,958 [7] INFO  SqlResult - -- 正在 2016/1/15 18:57:36 +08:00
 执行
2016-01-15 18:57:37,073 [7] INFO  SqlResult - -- 已在 115 毫秒内失败，错误为: 对象名 'dbo.__MigrationHistory' 无效。

2016-01-15 18:57:37,073 [7] INFO  SqlResult - 

2016-01-15 18:57:37,165 [7] INFO  SqlResult - 已于 2016/1/15 18:57:37 +08:00
 关闭了连接
2016-01-15 18:57:37,563 [7] INFO  SqlResult - 已于 2016/1/15 18:57:37 +08:00
 打开了连接
2016-01-15 18:57:37,674 [7] INFO  SqlResult - SELECT TOP (1) 
    [Extent1].[ID] AS [ID], 
    [Extent1].[UserName] AS [UserName], 
    [Extent1].[Password] AS [Password], 
    [Extent1].[role_id] AS [role_id], 
    [Extent1].[Login] AS [Login], 
    [Extent1].[reg_time] AS [reg_time], 
    [Extent1].[login_time] AS [login_time], 
    [Extent1].[update_time] AS [update_time], 
    [Extent1].[login_ip] AS [login_ip], 
    [Extent1].[Status] AS [Status], 
    [Extent1].[Remark] AS [Remark]
    FROM [dbo].[eb_admin] AS [Extent1]
    WHERE (([Extent1].[UserName] = @p__linq__0) OR (([Extent1].[UserName] IS NULL) AND (@p__linq__0 IS NULL))) AND (([Extent1].[Password] = @p__linq__1) OR (([Extent1].[Password] IS NULL) AND (@p__linq__1 IS NULL)))
2016-01-15 18:57:37,674 [7] INFO  SqlResult - 

2016-01-15 18:57:37,674 [7] INFO  SqlResult - -- p__linq__0: 'admin' (Type = String, Size = 4000)

2016-01-15 18:57:37,674 [7] INFO  SqlResult - -- p__linq__1: '21232f297a57a5a743894a0e4a801fc3' (Type = String, Size = 4000)

2016-01-15 18:57:37,674 [7] INFO  SqlResult - -- 正在 2016/1/15 18:57:37 +08:00
 执行
2016-01-15 18:57:37,685 [7] INFO  SqlResult - -- 已在 11 毫秒内完成，结果为: SqlDataReader

2016-01-15 18:57:37,685 [7] INFO  SqlResult - 

2016-01-15 18:57:37,738 [7] INFO  SqlResult - 已于 2016/1/15 18:57:37 +08:00
 关闭了连接
2016-01-15 18:57:37,778 [7] INFO  SqlResult - 已于 2016/1/15 18:57:37 +08:00
 打开了连接
2016-01-15 18:57:37,780 [7] INFO  SqlResult - 已于 2016/1/15 18:57:37 +08:00
 启动了事务
2016-01-15 18:57:37,856 [7] INFO  SqlResult - UPDATE [dbo].[eb_admin]
SET [UserName] = @0, [Password] = @1, [role_id] = @2, [Login] = @3, [reg_time] = @4, [login_time] = @5, [update_time] = @6, [login_ip] = @7, [Status] = @8, [Remark] = NULL
WHERE ([ID] = @9)

2016-01-15 18:57:37,857 [7] INFO  SqlResult - -- @0: 'admin' (Type = String, Size = 50)

2016-01-15 18:57:37,857 [7] INFO  SqlResult - -- @1: '21232f297a57a5a743894a0e4a801fc3' (Type = String, Size = -1)

2016-01-15 18:57:37,857 [7] INFO  SqlResult - -- @2: '1' (Type = Int32)

2016-01-15 18:57:37,857 [7] INFO  SqlResult - -- @3: '103' (Type = Int32)

2016-01-15 18:57:37,857 [7] INFO  SqlResult - -- @4: '2015/1/15 0:00:00' (Type = DateTime2)

2016-01-15 18:57:37,857 [7] INFO  SqlResult - -- @5: '2016/1/15 18:57:37' (Type = DateTime2)

2016-01-15 18:57:37,857 [7] INFO  SqlResult - -- @6: '2015/1/15 0:00:00' (Type = DateTime2)

2016-01-15 18:57:37,857 [7] INFO  SqlResult - -- @7: '::1' (Type = String, Size = -1)

2016-01-15 18:57:37,857 [7] INFO  SqlResult - -- @8: '0' (Type = Int32)

2016-01-15 18:57:37,857 [7] INFO  SqlResult - -- @9: '1' (Type = Int32)

2016-01-15 18:57:37,857 [7] INFO  SqlResult - -- 正在 2016/1/15 18:57:37 +08:00
 执行
2016-01-15 18:57:37,874 [7] INFO  SqlResult - -- 已在 16 毫秒内完成，结果为: 1

2016-01-15 18:57:37,874 [7] INFO  SqlResult - 

2016-01-15 18:57:37,879 [7] INFO  SqlResult - 已于 2016/1/15 18:57:37 +08:00
 提交了事务
2016-01-15 18:57:37,879 [7] INFO  SqlResult - 已于 2016/1/15 18:57:37 +08:00
 关闭了连接
2016-01-15 18:58:47,028 [7] INFO  SqlResult - 已于 2016/1/15 18:58:47 +08:00
 打开了连接
2016-01-15 18:58:47,035 [7] INFO  SqlResult - 
SELECT Count(*)
FROM INFORMATION_SCHEMA.TABLES AS t
WHERE t.TABLE_SCHEMA + '.' + t.TABLE_NAME IN ('dbo.eb_admin','dbo.eb_role','dbo.eb_operate','dbo.eb_purview_field','dbo.eb_user')
    OR t.TABLE_NAME = 'EdmMetadata'
2016-01-15 18:58:47,035 [7] INFO  SqlResult - 

2016-01-15 18:58:47,035 [7] INFO  SqlResult - -- 正在 2016/1/15 18:58:47 +08:00
 执行
2016-01-15 18:58:47,049 [7] INFO  SqlResult - -- 已在 12 毫秒内完成，结果为: 4

2016-01-15 18:58:47,049 [7] INFO  SqlResult - 

2016-01-15 18:58:47,049 [7] INFO  SqlResult - 已于 2016/1/15 18:58:47 +08:00
 关闭了连接
2016-01-15 18:58:47,166 [7] INFO  SqlResult - 已于 2016/1/15 18:58:47 +08:00
 打开了连接
2016-01-15 18:58:47,784 [7] INFO  SqlResult - SELECT 
    [GroupBy1].[A1] AS [C1]
    FROM ( SELECT 
        COUNT(1) AS [A1]
        FROM [dbo].[__MigrationHistory] AS [Extent1]
        WHERE [Extent1].[ContextKey] = @p__linq__0
    )  AS [GroupBy1]
2016-01-15 18:58:47,785 [7] INFO  SqlResult - 

2016-01-15 18:58:47,785 [7] INFO  SqlResult - -- p__linq__0: 'DataAccess.Context.MySqlContext' (Type = String, Size = 4000)

2016-01-15 18:58:47,785 [7] INFO  SqlResult - -- 正在 2016/1/15 18:58:47 +08:00
 执行
2016-01-15 18:58:47,919 [7] INFO  SqlResult - -- 已在 133 毫秒内失败，错误为: 对象名 'dbo.__MigrationHistory' 无效。

2016-01-15 18:58:47,919 [7] INFO  SqlResult - 

2016-01-15 18:58:48,011 [7] INFO  SqlResult - 已于 2016/1/15 18:58:48 +08:00
 关闭了连接
2016-01-15 18:58:48,069 [7] INFO  SqlResult - 已于 2016/1/15 18:58:48 +08:00
 打开了连接
2016-01-15 18:58:48,071 [7] INFO  SqlResult - SELECT 
    [GroupBy1].[A1] AS [C1]
    FROM ( SELECT 
        COUNT(1) AS [A1]
        FROM [dbo].[__MigrationHistory] AS [Extent1]
    )  AS [GroupBy1]
2016-01-15 18:58:48,071 [7] INFO  SqlResult - 

2016-01-15 18:58:48,071 [7] INFO  SqlResult - -- 正在 2016/1/15 18:58:48 +08:00
 执行
2016-01-15 18:58:48,185 [7] INFO  SqlResult - -- 已在 114 毫秒内失败，错误为: 对象名 'dbo.__MigrationHistory' 无效。

2016-01-15 18:58:48,185 [7] INFO  SqlResult - 

2016-01-15 18:58:48,275 [7] INFO  SqlResult - 已于 2016/1/15 18:58:48 +08:00
 关闭了连接
2016-01-15 18:58:48,671 [7] INFO  SqlResult - 已于 2016/1/15 18:58:48 +08:00
 打开了连接
2016-01-15 18:58:48,778 [7] INFO  SqlResult - SELECT TOP (1) 
    [Extent1].[ID] AS [ID], 
    [Extent1].[UserName] AS [UserName], 
    [Extent1].[Password] AS [Password], 
    [Extent1].[role_id] AS [role_id], 
    [Extent1].[Login] AS [Login], 
    [Extent1].[reg_time] AS [reg_time], 
    [Extent1].[login_time] AS [login_time], 
    [Extent1].[update_time] AS [update_time], 
    [Extent1].[login_ip] AS [login_ip], 
    [Extent1].[Status] AS [Status], 
    [Extent1].[Remark] AS [Remark]
    FROM [dbo].[eb_admin] AS [Extent1]
    WHERE (([Extent1].[UserName] = @p__linq__0) OR (([Extent1].[UserName] IS NULL) AND (@p__linq__0 IS NULL))) AND (([Extent1].[Password] = @p__linq__1) OR (([Extent1].[Password] IS NULL) AND (@p__linq__1 IS NULL)))
2016-01-15 18:58:48,778 [7] INFO  SqlResult - 

2016-01-15 18:58:48,778 [7] INFO  SqlResult - -- p__linq__0: 'admin' (Type = String, Size = 4000)

2016-01-15 18:58:48,778 [7] INFO  SqlResult - -- p__linq__1: '21232f297a57a5a743894a0e4a801fc3' (Type = String, Size = 4000)

2016-01-15 18:58:48,778 [7] INFO  SqlResult - -- 正在 2016/1/15 18:58:48 +08:00
 执行
2016-01-15 18:58:48,789 [7] INFO  SqlResult - -- 已在 11 毫秒内完成，结果为: SqlDataReader

2016-01-15 18:58:48,789 [7] INFO  SqlResult - 

2016-01-15 18:58:48,839 [7] INFO  SqlResult - 已于 2016/1/15 18:58:48 +08:00
 关闭了连接
2016-01-15 18:58:48,878 [7] INFO  SqlResult - 已于 2016/1/15 18:58:48 +08:00
 打开了连接
2016-01-15 18:58:48,880 [7] INFO  SqlResult - 已于 2016/1/15 18:58:48 +08:00
 启动了事务
2016-01-15 18:58:48,953 [7] INFO  SqlResult - UPDATE [dbo].[eb_admin]
SET [UserName] = @0, [Password] = @1, [role_id] = @2, [Login] = @3, [reg_time] = @4, [login_time] = @5, [update_time] = @6, [login_ip] = @7, [Status] = @8, [Remark] = NULL
WHERE ([ID] = @9)

2016-01-15 18:58:48,953 [7] INFO  SqlResult - -- @0: 'admin' (Type = String, Size = 50)

2016-01-15 18:58:48,953 [7] INFO  SqlResult - -- @1: '21232f297a57a5a743894a0e4a801fc3' (Type = String, Size = -1)

2016-01-15 18:58:48,953 [7] INFO  SqlResult - -- @2: '1' (Type = Int32)

2016-01-15 18:58:48,954 [7] INFO  SqlResult - -- @3: '104' (Type = Int32)

2016-01-15 18:58:48,954 [7] INFO  SqlResult - -- @4: '2015/1/15 0:00:00' (Type = DateTime2)

2016-01-15 18:58:48,954 [7] INFO  SqlResult - -- @5: '2016/1/15 18:58:48' (Type = DateTime2)

2016-01-15 18:58:48,954 [7] INFO  SqlResult - -- @6: '2015/1/15 0:00:00' (Type = DateTime2)

2016-01-15 18:58:48,954 [7] INFO  SqlResult - -- @7: '::1' (Type = String, Size = -1)

2016-01-15 18:58:48,954 [7] INFO  SqlResult - -- @8: '0' (Type = Int32)

2016-01-15 18:58:48,954 [7] INFO  SqlResult - -- @9: '1' (Type = Int32)

2016-01-15 18:58:48,954 [7] INFO  SqlResult - -- 正在 2016/1/15 18:58:48 +08:00
 执行
2016-01-15 18:58:48,971 [7] INFO  SqlResult - -- 已在 16 毫秒内完成，结果为: 1

2016-01-15 18:58:48,971 [7] INFO  SqlResult - 

2016-01-15 18:58:48,976 [7] INFO  SqlResult - 已于 2016/1/15 18:58:48 +08:00
 提交了事务
2016-01-15 18:58:48,976 [7] INFO  SqlResult - 已于 2016/1/15 18:58:48 +08:00
 关闭了连接
2016-01-15 19:13:34,511 [6] INFO  SqlResult - 已于 2016/1/15 19:13:34 +08:00
 打开了连接
2016-01-15 19:13:34,518 [6] INFO  SqlResult - 
SELECT Count(*)
FROM INFORMATION_SCHEMA.TABLES AS t
WHERE t.TABLE_SCHEMA + '.' + t.TABLE_NAME IN ('dbo.eb_admin','dbo.eb_role','dbo.eb_operate','dbo.eb_purview_field','dbo.eb_user')
    OR t.TABLE_NAME = 'EdmMetadata'
2016-01-15 19:13:34,518 [6] INFO  SqlResult - 

2016-01-15 19:13:34,519 [6] INFO  SqlResult - -- 正在 2016/1/15 19:13:34 +08:00
 执行
2016-01-15 19:13:34,533 [6] INFO  SqlResult - -- 已在 12 毫秒内完成，结果为: 4

2016-01-15 19:13:34,533 [6] INFO  SqlResult - 

2016-01-15 19:13:34,533 [6] INFO  SqlResult - 已于 2016/1/15 19:13:34 +08:00
 关闭了连接
2016-01-15 19:13:34,690 [6] INFO  SqlResult - 已于 2016/1/15 19:13:34 +08:00
 打开了连接
2016-01-15 19:13:35,311 [6] INFO  SqlResult - SELECT 
    [GroupBy1].[A1] AS [C1]
    FROM ( SELECT 
        COUNT(1) AS [A1]
        FROM [dbo].[__MigrationHistory] AS [Extent1]
        WHERE [Extent1].[ContextKey] = @p__linq__0
    )  AS [GroupBy1]
2016-01-15 19:13:35,311 [6] INFO  SqlResult - 

2016-01-15 19:13:35,312 [6] INFO  SqlResult - -- p__linq__0: 'DataAccess.Context.MySqlContext' (Type = String, Size = 4000)

2016-01-15 19:13:35,312 [6] INFO  SqlResult - -- 正在 2016/1/15 19:13:35 +08:00
 执行
2016-01-15 19:13:35,447 [6] INFO  SqlResult - -- 已在 135 毫秒内失败，错误为: 对象名 'dbo.__MigrationHistory' 无效。

2016-01-15 19:13:35,447 [6] INFO  SqlResult - 

2016-01-15 19:13:35,536 [6] INFO  SqlResult - 已于 2016/1/15 19:13:35 +08:00
 关闭了连接
2016-01-15 19:13:35,593 [6] INFO  SqlResult - 已于 2016/1/15 19:13:35 +08:00
 打开了连接
2016-01-15 19:13:35,595 [6] INFO  SqlResult - SELECT 
    [GroupBy1].[A1] AS [C1]
    FROM ( SELECT 
        COUNT(1) AS [A1]
        FROM [dbo].[__MigrationHistory] AS [Extent1]
    )  AS [GroupBy1]
2016-01-15 19:13:35,595 [6] INFO  SqlResult - 

2016-01-15 19:13:35,595 [6] INFO  SqlResult - -- 正在 2016/1/15 19:13:35 +08:00
 执行
2016-01-15 19:13:35,710 [6] INFO  SqlResult - -- 已在 114 毫秒内失败，错误为: 对象名 'dbo.__MigrationHistory' 无效。

2016-01-15 19:13:35,710 [6] INFO  SqlResult - 

2016-01-15 19:13:35,798 [6] INFO  SqlResult - 已于 2016/1/15 19:13:35 +08:00
 关闭了连接
2016-01-15 19:13:36,193 [6] INFO  SqlResult - 已于 2016/1/15 19:13:36 +08:00
 打开了连接
2016-01-15 19:13:36,301 [6] INFO  SqlResult - SELECT TOP (1) 
    [Extent1].[ID] AS [ID], 
    [Extent1].[UserName] AS [UserName], 
    [Extent1].[Password] AS [Password], 
    [Extent1].[role_id] AS [role_id], 
    [Extent1].[Login] AS [Login], 
    [Extent1].[reg_time] AS [reg_time], 
    [Extent1].[login_time] AS [login_time], 
    [Extent1].[update_time] AS [update_time], 
    [Extent1].[login_ip] AS [login_ip], 
    [Extent1].[Status] AS [Status], 
    [Extent1].[Remark] AS [Remark]
    FROM [dbo].[eb_admin] AS [Extent1]
    WHERE (([Extent1].[UserName] = @p__linq__0) OR (([Extent1].[UserName] IS NULL) AND (@p__linq__0 IS NULL))) AND (([Extent1].[Password] = @p__linq__1) OR (([Extent1].[Password] IS NULL) AND (@p__linq__1 IS NULL)))
2016-01-15 19:13:36,301 [6] INFO  SqlResult - 

2016-01-15 19:13:36,301 [6] INFO  SqlResult - -- p__linq__0: 'admin' (Type = String, Size = 4000)

2016-01-15 19:13:36,301 [6] INFO  SqlResult - -- p__linq__1: '21232f297a57a5a743894a0e4a801fc3' (Type = String, Size = 4000)

2016-01-15 19:13:36,301 [6] INFO  SqlResult - -- 正在 2016/1/15 19:13:36 +08:00
 执行
2016-01-15 19:13:36,312 [6] INFO  SqlResult - -- 已在 10 毫秒内完成，结果为: SqlDataReader

2016-01-15 19:13:36,312 [6] INFO  SqlResult - 

2016-01-15 19:13:36,363 [6] INFO  SqlResult - 已于 2016/1/15 19:13:36 +08:00
 关闭了连接
2016-01-15 19:13:36,403 [6] INFO  SqlResult - 已于 2016/1/15 19:13:36 +08:00
 打开了连接
2016-01-15 19:13:36,406 [6] INFO  SqlResult - 已于 2016/1/15 19:13:36 +08:00
 启动了事务
2016-01-15 19:13:36,480 [6] INFO  SqlResult - UPDATE [dbo].[eb_admin]
SET [UserName] = @0, [Password] = @1, [role_id] = @2, [Login] = @3, [reg_time] = @4, [login_time] = @5, [update_time] = @6, [login_ip] = @7, [Status] = @8, [Remark] = NULL
WHERE ([ID] = @9)

2016-01-15 19:13:36,481 [6] INFO  SqlResult - -- @0: 'admin' (Type = String, Size = 50)

2016-01-15 19:13:36,481 [6] INFO  SqlResult - -- @1: '21232f297a57a5a743894a0e4a801fc3' (Type = String, Size = -1)

2016-01-15 19:13:36,481 [6] INFO  SqlResult - -- @2: '1' (Type = Int32)

2016-01-15 19:13:36,481 [6] INFO  SqlResult - -- @3: '105' (Type = Int32)

2016-01-15 19:13:36,481 [6] INFO  SqlResult - -- @4: '2015/1/15 0:00:00' (Type = DateTime2)

2016-01-15 19:13:36,481 [6] INFO  SqlResult - -- @5: '2016/1/15 19:13:36' (Type = DateTime2)

2016-01-15 19:13:36,481 [6] INFO  SqlResult - -- @6: '2015/1/15 0:00:00' (Type = DateTime2)

2016-01-15 19:13:36,481 [6] INFO  SqlResult - -- @7: '::1' (Type = String, Size = -1)

2016-01-15 19:13:36,481 [6] INFO  SqlResult - -- @8: '0' (Type = Int32)

2016-01-15 19:13:36,481 [6] INFO  SqlResult - -- @9: '1' (Type = Int32)

2016-01-15 19:13:36,481 [6] INFO  SqlResult - -- 正在 2016/1/15 19:13:36 +08:00
 执行
2016-01-15 19:13:36,497 [6] INFO  SqlResult - -- 已在 15 毫秒内完成，结果为: 1

2016-01-15 19:13:36,497 [6] INFO  SqlResult - 

2016-01-15 19:13:36,502 [6] INFO  SqlResult - 已于 2016/1/15 19:13:36 +08:00
 提交了事务
2016-01-15 19:13:36,503 [6] INFO  SqlResult - 已于 2016/1/15 19:13:36 +08:00
 关闭了连接
2016-01-15 19:15:58,881 [8] INFO  SqlResult - 已于 2016/1/15 19:15:58 +08:00
 打开了连接
2016-01-15 19:15:58,883 [8] INFO  SqlResult - SELECT TOP (1) 
    [Extent1].[ID] AS [ID], 
    [Extent1].[UserName] AS [UserName], 
    [Extent1].[Password] AS [Password], 
    [Extent1].[role_id] AS [role_id], 
    [Extent1].[Login] AS [Login], 
    [Extent1].[reg_time] AS [reg_time], 
    [Extent1].[login_time] AS [login_time], 
    [Extent1].[update_time] AS [update_time], 
    [Extent1].[login_ip] AS [login_ip], 
    [Extent1].[Status] AS [Status], 
    [Extent1].[Remark] AS [Remark]
    FROM [dbo].[eb_admin] AS [Extent1]
    WHERE (([Extent1].[UserName] = @p__linq__0) OR (([Extent1].[UserName] IS NULL) AND (@p__linq__0 IS NULL))) AND (([Extent1].[Password] = @p__linq__1) OR (([Extent1].[Password] IS NULL) AND (@p__linq__1 IS NULL)))
2016-01-15 19:15:58,883 [8] INFO  SqlResult - 

2016-01-15 19:15:58,884 [8] INFO  SqlResult - -- p__linq__0: 'admin' (Type = String, Size = 4000)

2016-01-15 19:15:58,884 [8] INFO  SqlResult - -- p__linq__1: '21232f297a57a5a743894a0e4a801fc3' (Type = String, Size = 4000)

2016-01-15 19:15:58,884 [8] INFO  SqlResult - -- 正在 2016/1/15 19:15:58 +08:00
 执行
2016-01-15 19:15:58,908 [8] INFO  SqlResult - -- 已在 24 毫秒内完成，结果为: SqlDataReader

2016-01-15 19:15:58,908 [8] INFO  SqlResult - 

2016-01-15 19:15:58,908 [8] INFO  SqlResult - 已于 2016/1/15 19:15:58 +08:00
 关闭了连接
2016-01-15 19:15:58,909 [8] INFO  SqlResult - 已于 2016/1/15 19:15:58 +08:00
 打开了连接
2016-01-15 19:15:58,909 [8] INFO  SqlResult - 已于 2016/1/15 19:15:58 +08:00
 启动了事务
2016-01-15 19:15:58,910 [8] INFO  SqlResult - UPDATE [dbo].[eb_admin]
SET [UserName] = @0, [Password] = @1, [role_id] = @2, [Login] = @3, [reg_time] = @4, [login_time] = @5, [update_time] = @6, [login_ip] = @7, [Status] = @8, [Remark] = NULL
WHERE ([ID] = @9)

2016-01-15 19:15:58,910 [8] INFO  SqlResult - -- @0: 'admin' (Type = String, Size = 50)

2016-01-15 19:15:58,910 [8] INFO  SqlResult - -- @1: '21232f297a57a5a743894a0e4a801fc3' (Type = String, Size = -1)

2016-01-15 19:15:58,910 [8] INFO  SqlResult - -- @2: '1' (Type = Int32)

2016-01-15 19:15:58,910 [8] INFO  SqlResult - -- @3: '106' (Type = Int32)

2016-01-15 19:15:58,910 [8] INFO  SqlResult - -- @4: '2015/1/15 0:00:00' (Type = DateTime2)

2016-01-15 19:15:58,910 [8] INFO  SqlResult - -- @5: '2016/1/15 19:15:58' (Type = DateTime2)

2016-01-15 19:15:58,910 [8] INFO  SqlResult - -- @6: '2015/1/15 0:00:00' (Type = DateTime2)

2016-01-15 19:15:58,911 [8] INFO  SqlResult - -- @7: '::1' (Type = String, Size = -1)

2016-01-15 19:15:58,911 [8] INFO  SqlResult - -- @8: '0' (Type = Int32)

2016-01-15 19:15:58,911 [8] INFO  SqlResult - -- @9: '1' (Type = Int32)

2016-01-15 19:15:58,911 [8] INFO  SqlResult - -- 正在 2016/1/15 19:15:58 +08:00
 执行
2016-01-15 19:15:58,928 [8] INFO  SqlResult - -- 已在 17 毫秒内完成，结果为: 1

2016-01-15 19:15:58,928 [8] INFO  SqlResult - 

2016-01-15 19:15:58,931 [8] INFO  SqlResult - 已于 2016/1/15 19:15:58 +08:00
 提交了事务
2016-01-15 19:15:58,931 [8] INFO  SqlResult - 已于 2016/1/15 19:15:58 +08:00
 关闭了连接
2016-01-15 19:21:54,335 [9] INFO  SqlResult - 已于 2016/1/15 19:21:54 +08:00
 打开了连接
2016-01-15 19:21:54,343 [9] INFO  SqlResult - 
SELECT Count(*)
FROM INFORMATION_SCHEMA.TABLES AS t
WHERE t.TABLE_SCHEMA + '.' + t.TABLE_NAME IN ('dbo.eb_admin','dbo.eb_role','dbo.eb_operate','dbo.eb_purview_field','dbo.eb_user')
    OR t.TABLE_NAME = 'EdmMetadata'
2016-01-15 19:21:54,343 [9] INFO  SqlResult - 

2016-01-15 19:21:54,343 [9] INFO  SqlResult - -- 正在 2016/1/15 19:21:54 +08:00
 执行
2016-01-15 19:21:54,357 [9] INFO  SqlResult - -- 已在 12 毫秒内完成，结果为: 4

2016-01-15 19:21:54,357 [9] INFO  SqlResult - 

2016-01-15 19:21:54,357 [9] INFO  SqlResult - 已于 2016/1/15 19:21:54 +08:00
 关闭了连接
2016-01-15 19:21:54,474 [9] INFO  SqlResult - 已于 2016/1/15 19:21:54 +08:00
 打开了连接
2016-01-15 19:21:55,111 [9] INFO  SqlResult - SELECT 
    [GroupBy1].[A1] AS [C1]
    FROM ( SELECT 
        COUNT(1) AS [A1]
        FROM [dbo].[__MigrationHistory] AS [Extent1]
        WHERE [Extent1].[ContextKey] = @p__linq__0
    )  AS [GroupBy1]
2016-01-15 19:21:55,111 [9] INFO  SqlResult - 

2016-01-15 19:21:55,112 [9] INFO  SqlResult - -- p__linq__0: 'DataAccess.Context.MySqlContext' (Type = String, Size = 4000)

2016-01-15 19:21:55,112 [9] INFO  SqlResult - -- 正在 2016/1/15 19:21:55 +08:00
 执行
2016-01-15 19:21:55,247 [9] INFO  SqlResult - -- 已在 135 毫秒内失败，错误为: 对象名 'dbo.__MigrationHistory' 无效。

2016-01-15 19:21:55,247 [9] INFO  SqlResult - 

2016-01-15 19:21:55,341 [9] INFO  SqlResult - 已于 2016/1/15 19:21:55 +08:00
 关闭了连接
2016-01-15 19:21:55,401 [9] INFO  SqlResult - 已于 2016/1/15 19:21:55 +08:00
 打开了连接
2016-01-15 19:21:55,402 [9] INFO  SqlResult - SELECT 
    [GroupBy1].[A1] AS [C1]
    FROM ( SELECT 
        COUNT(1) AS [A1]
        FROM [dbo].[__MigrationHistory] AS [Extent1]
    )  AS [GroupBy1]
2016-01-15 19:21:55,402 [9] INFO  SqlResult - 

2016-01-15 19:21:55,402 [9] INFO  SqlResult - -- 正在 2016/1/15 19:21:55 +08:00
 执行
2016-01-15 19:21:55,519 [9] INFO  SqlResult - -- 已在 116 毫秒内失败，错误为: 对象名 'dbo.__MigrationHistory' 无效。

2016-01-15 19:21:55,519 [9] INFO  SqlResult - 

2016-01-15 19:21:55,611 [9] INFO  SqlResult - 已于 2016/1/15 19:21:55 +08:00
 关闭了连接
2016-01-15 19:21:56,014 [9] INFO  SqlResult - 已于 2016/1/15 19:21:56 +08:00
 打开了连接
2016-01-15 19:21:56,120 [9] INFO  SqlResult - SELECT TOP (1) 
    [Extent1].[ID] AS [ID], 
    [Extent1].[UserName] AS [UserName], 
    [Extent1].[Password] AS [Password], 
    [Extent1].[role_id] AS [role_id], 
    [Extent1].[Login] AS [Login], 
    [Extent1].[reg_time] AS [reg_time], 
    [Extent1].[login_time] AS [login_time], 
    [Extent1].[update_time] AS [update_time], 
    [Extent1].[login_ip] AS [login_ip], 
    [Extent1].[Status] AS [Status], 
    [Extent1].[Remark] AS [Remark]
    FROM [dbo].[eb_admin] AS [Extent1]
    WHERE (([Extent1].[UserName] = @p__linq__0) OR (([Extent1].[UserName] IS NULL) AND (@p__linq__0 IS NULL))) AND (([Extent1].[Password] = @p__linq__1) OR (([Extent1].[Password] IS NULL) AND (@p__linq__1 IS NULL)))
2016-01-15 19:21:56,120 [9] INFO  SqlResult - 

2016-01-15 19:21:56,120 [9] INFO  SqlResult - -- p__linq__0: 'admin' (Type = String, Size = 4000)

2016-01-15 19:21:56,120 [9] INFO  SqlResult - -- p__linq__1: '21232f297a57a5a743894a0e4a801fc3' (Type = String, Size = 4000)

2016-01-15 19:21:56,120 [9] INFO  SqlResult - -- 正在 2016/1/15 19:21:56 +08:00
 执行
2016-01-15 19:21:56,131 [9] INFO  SqlResult - -- 已在 11 毫秒内完成，结果为: SqlDataReader

2016-01-15 19:21:56,131 [9] INFO  SqlResult - 

2016-01-15 19:21:56,181 [9] INFO  SqlResult - 已于 2016/1/15 19:21:56 +08:00
 关闭了连接
2016-01-15 19:22:12,997 [9] INFO  SqlResult - 已于 2016/1/15 19:22:12 +08:00
 打开了连接
2016-01-15 19:22:13,002 [9] INFO  SqlResult - 已于 2016/1/15 19:22:13 +08:00
 启动了事务
2016-01-15 19:22:13,094 [9] INFO  SqlResult - UPDATE [dbo].[eb_admin]
SET [UserName] = @0, [Password] = @1, [role_id] = @2, [Login] = @3, [reg_time] = @4, [login_time] = @5, [update_time] = @6, [login_ip] = @7, [Status] = @8, [Remark] = NULL
WHERE ([ID] = @9)

2016-01-15 19:22:13,094 [9] INFO  SqlResult - -- @0: 'admin' (Type = String, Size = 50)

2016-01-15 19:22:13,094 [9] INFO  SqlResult - -- @1: '21232f297a57a5a743894a0e4a801fc3' (Type = String, Size = -1)

2016-01-15 19:22:13,094 [9] INFO  SqlResult - -- @2: '1' (Type = Int32)

2016-01-15 19:22:13,094 [9] INFO  SqlResult - -- @3: '107' (Type = Int32)

2016-01-15 19:22:13,094 [9] INFO  SqlResult - -- @4: '2015/1/15 0:00:00' (Type = DateTime2)

2016-01-15 19:22:13,094 [9] INFO  SqlResult - -- @5: '2016/1/15 19:22:10' (Type = DateTime2)

2016-01-15 19:22:13,094 [9] INFO  SqlResult - -- @6: '2015/1/15 0:00:00' (Type = DateTime2)

2016-01-15 19:22:13,094 [9] INFO  SqlResult - -- @7: '::1' (Type = String, Size = -1)

2016-01-15 19:22:13,095 [9] INFO  SqlResult - -- @8: '0' (Type = Int32)

2016-01-15 19:22:13,095 [9] INFO  SqlResult - -- @9: '1' (Type = Int32)

2016-01-15 19:22:13,095 [9] INFO  SqlResult - -- 正在 2016/1/15 19:22:13 +08:00
 执行
2016-01-15 19:22:13,111 [9] INFO  SqlResult - -- 已在 15 毫秒内完成，结果为: 1

2016-01-15 19:22:13,111 [9] INFO  SqlResult - 

2016-01-15 19:22:13,116 [9] INFO  SqlResult - 已于 2016/1/15 19:22:13 +08:00
 提交了事务
2016-01-15 19:22:13,116 [9] INFO  SqlResult - 已于 2016/1/15 19:22:13 +08:00
 关闭了连接
2016-01-15 19:24:29,210 [9] INFO  SqlResult - 已于 2016/1/15 19:24:29 +08:00
 打开了连接
2016-01-15 19:24:29,217 [9] INFO  SqlResult - 
SELECT Count(*)
FROM INFORMATION_SCHEMA.TABLES AS t
WHERE t.TABLE_SCHEMA + '.' + t.TABLE_NAME IN ('dbo.eb_admin','dbo.eb_role','dbo.eb_operate','dbo.eb_purview_field','dbo.eb_user')
    OR t.TABLE_NAME = 'EdmMetadata'
2016-01-15 19:24:29,217 [9] INFO  SqlResult - 

2016-01-15 19:24:29,218 [9] INFO  SqlResult - -- 正在 2016/1/15 19:24:29 +08:00
 执行
2016-01-15 19:24:29,231 [9] INFO  SqlResult - -- 已在 12 毫秒内完成，结果为: 4

2016-01-15 19:24:29,231 [9] INFO  SqlResult - 

2016-01-15 19:24:29,231 [9] INFO  SqlResult - 已于 2016/1/15 19:24:29 +08:00
 关闭了连接
2016-01-15 19:24:29,349 [9] INFO  SqlResult - 已于 2016/1/15 19:24:29 +08:00
 打开了连接
2016-01-15 19:24:29,988 [9] INFO  SqlResult - SELECT 
    [GroupBy1].[A1] AS [C1]
    FROM ( SELECT 
        COUNT(1) AS [A1]
        FROM [dbo].[__MigrationHistory] AS [Extent1]
        WHERE [Extent1].[ContextKey] = @p__linq__0
    )  AS [GroupBy1]
2016-01-15 19:24:29,988 [9] INFO  SqlResult - 

2016-01-15 19:24:29,989 [9] INFO  SqlResult - -- p__linq__0: 'DataAccess.Context.MySqlContext' (Type = String, Size = 4000)

2016-01-15 19:24:29,989 [9] INFO  SqlResult - -- 正在 2016/1/15 19:24:29 +08:00
 执行
2016-01-15 19:24:30,125 [9] INFO  SqlResult - -- 已在 136 毫秒内失败，错误为: 对象名 'dbo.__MigrationHistory' 无效。

2016-01-15 19:24:30,126 [9] INFO  SqlResult - 

2016-01-15 19:24:30,223 [9] INFO  SqlResult - 已于 2016/1/15 19:24:30 +08:00
 关闭了连接
2016-01-15 19:24:30,282 [9] INFO  SqlResult - 已于 2016/1/15 19:24:30 +08:00
 打开了连接
2016-01-15 19:24:30,284 [9] INFO  SqlResult - SELECT 
    [GroupBy1].[A1] AS [C1]
    FROM ( SELECT 
        COUNT(1) AS [A1]
        FROM [dbo].[__MigrationHistory] AS [Extent1]
    )  AS [GroupBy1]
2016-01-15 19:24:30,284 [9] INFO  SqlResult - 

2016-01-15 19:24:30,284 [9] INFO  SqlResult - -- 正在 2016/1/15 19:24:30 +08:00
 执行
2016-01-15 19:24:30,398 [9] INFO  SqlResult - -- 已在 114 毫秒内失败，错误为: 对象名 'dbo.__MigrationHistory' 无效。

2016-01-15 19:24:30,398 [9] INFO  SqlResult - 

2016-01-15 19:24:30,485 [9] INFO  SqlResult - 已于 2016/1/15 19:24:30 +08:00
 关闭了连接
2016-01-15 19:24:30,883 [9] INFO  SqlResult - 已于 2016/1/15 19:24:30 +08:00
 打开了连接
2016-01-15 19:24:31,003 [9] INFO  SqlResult - SELECT TOP (1) 
    [Extent1].[ID] AS [ID], 
    [Extent1].[UserName] AS [UserName], 
    [Extent1].[Password] AS [Password], 
    [Extent1].[role_id] AS [role_id], 
    [Extent1].[Login] AS [Login], 
    [Extent1].[reg_time] AS [reg_time], 
    [Extent1].[login_time] AS [login_time], 
    [Extent1].[update_time] AS [update_time], 
    [Extent1].[login_ip] AS [login_ip], 
    [Extent1].[Status] AS [Status], 
    [Extent1].[Remark] AS [Remark]
    FROM [dbo].[eb_admin] AS [Extent1]
    WHERE (([Extent1].[UserName] = @p__linq__0) OR (([Extent1].[UserName] IS NULL) AND (@p__linq__0 IS NULL))) AND (([Extent1].[Password] = @p__linq__1) OR (([Extent1].[Password] IS NULL) AND (@p__linq__1 IS NULL)))
2016-01-15 19:24:31,003 [9] INFO  SqlResult - 

2016-01-15 19:24:31,003 [9] INFO  SqlResult - -- p__linq__0: 'admin' (Type = String, Size = 4000)

2016-01-15 19:24:31,003 [9] INFO  SqlResult - -- p__linq__1: '21232f297a57a5a743894a0e4a801fc3' (Type = String, Size = 4000)

2016-01-15 19:24:31,003 [9] INFO  SqlResult - -- 正在 2016/1/15 19:24:31 +08:00
 执行
2016-01-15 19:24:31,014 [9] INFO  SqlResult - -- 已在 11 毫秒内完成，结果为: SqlDataReader

2016-01-15 19:24:31,014 [9] INFO  SqlResult - 

2016-01-15 19:24:31,064 [9] INFO  SqlResult - 已于 2016/1/15 19:24:31 +08:00
 关闭了连接
2016-01-15 19:24:31,103 [9] INFO  SqlResult - 已于 2016/1/15 19:24:31 +08:00
 打开了连接
2016-01-15 19:24:31,105 [9] INFO  SqlResult - 已于 2016/1/15 19:24:31 +08:00
 启动了事务
2016-01-15 19:24:31,177 [9] INFO  SqlResult - UPDATE [dbo].[eb_admin]
SET [UserName] = @0, [Password] = @1, [role_id] = @2, [Login] = @3, [reg_time] = @4, [login_time] = @5, [update_time] = @6, [login_ip] = @7, [Status] = @8, [Remark] = NULL
WHERE ([ID] = @9)

2016-01-15 19:24:31,177 [9] INFO  SqlResult - -- @0: 'admin' (Type = String, Size = 50)

2016-01-15 19:24:31,177 [9] INFO  SqlResult - -- @1: '21232f297a57a5a743894a0e4a801fc3' (Type = String, Size = -1)

2016-01-15 19:24:31,177 [9] INFO  SqlResult - -- @2: '1' (Type = Int32)

2016-01-15 19:24:31,177 [9] INFO  SqlResult - -- @3: '108' (Type = Int32)

2016-01-15 19:24:31,177 [9] INFO  SqlResult - -- @4: '2015/1/15 0:00:00' (Type = DateTime2)

2016-01-15 19:24:31,177 [9] INFO  SqlResult - -- @5: '2016/1/15 19:24:31' (Type = DateTime2)

2016-01-15 19:24:31,177 [9] INFO  SqlResult - -- @6: '2015/1/15 0:00:00' (Type = DateTime2)

2016-01-15 19:24:31,177 [9] INFO  SqlResult - -- @7: '::1' (Type = String, Size = -1)

2016-01-15 19:24:31,177 [9] INFO  SqlResult - -- @8: '0' (Type = Int32)

2016-01-15 19:24:31,177 [9] INFO  SqlResult - -- @9: '1' (Type = Int32)

2016-01-15 19:24:31,177 [9] INFO  SqlResult - -- 正在 2016/1/15 19:24:31 +08:00
 执行
2016-01-15 19:24:31,196 [9] INFO  SqlResult - -- 已在 17 毫秒内完成，结果为: 1

2016-01-15 19:24:31,196 [9] INFO  SqlResult - 

2016-01-15 19:24:31,200 [9] INFO  SqlResult - 已于 2016/1/15 19:24:31 +08:00
 提交了事务
2016-01-15 19:24:31,201 [9] INFO  SqlResult - 已于 2016/1/15 19:24:31 +08:00
 关闭了连接
2016-01-15 19:30:30,353 [8] INFO  SqlResult - 已于 2016/1/15 19:30:30 +08:00
 打开了连接
2016-01-15 19:30:30,360 [8] INFO  SqlResult - 
SELECT Count(*)
FROM INFORMATION_SCHEMA.TABLES AS t
WHERE t.TABLE_SCHEMA + '.' + t.TABLE_NAME IN ('dbo.eb_admin','dbo.eb_role','dbo.eb_operate','dbo.eb_purview_field','dbo.eb_user')
    OR t.TABLE_NAME = 'EdmMetadata'
2016-01-15 19:30:30,360 [8] INFO  SqlResult - 

2016-01-15 19:30:30,361 [8] INFO  SqlResult - -- 正在 2016/1/15 19:30:30 +08:00
 执行
2016-01-15 19:30:30,374 [8] INFO  SqlResult - -- 已在 12 毫秒内完成，结果为: 4

2016-01-15 19:30:30,374 [8] INFO  SqlResult - 

2016-01-15 19:30:30,374 [8] INFO  SqlResult - 已于 2016/1/15 19:30:30 +08:00
 关闭了连接
2016-01-15 19:30:30,491 [8] INFO  SqlResult - 已于 2016/1/15 19:30:30 +08:00
 打开了连接
2016-01-15 19:30:31,129 [8] INFO  SqlResult - SELECT 
    [GroupBy1].[A1] AS [C1]
    FROM ( SELECT 
        COUNT(1) AS [A1]
        FROM [dbo].[__MigrationHistory] AS [Extent1]
        WHERE [Extent1].[ContextKey] = @p__linq__0
    )  AS [GroupBy1]
2016-01-15 19:30:31,129 [8] INFO  SqlResult - 

2016-01-15 19:30:31,130 [8] INFO  SqlResult - -- p__linq__0: 'DataAccess.Context.MySqlContext' (Type = String, Size = 4000)

2016-01-15 19:30:31,130 [8] INFO  SqlResult - -- 正在 2016/1/15 19:30:31 +08:00
 执行
2016-01-15 19:30:31,266 [8] INFO  SqlResult - -- 已在 135 毫秒内失败，错误为: 对象名 'dbo.__MigrationHistory' 无效。

2016-01-15 19:30:31,266 [8] INFO  SqlResult - 

2016-01-15 19:30:31,356 [8] INFO  SqlResult - 已于 2016/1/15 19:30:31 +08:00
 关闭了连接
2016-01-15 19:30:31,416 [8] INFO  SqlResult - 已于 2016/1/15 19:30:31 +08:00
 打开了连接
2016-01-15 19:30:31,417 [8] INFO  SqlResult - SELECT 
    [GroupBy1].[A1] AS [C1]
    FROM ( SELECT 
        COUNT(1) AS [A1]
        FROM [dbo].[__MigrationHistory] AS [Extent1]
    )  AS [GroupBy1]
2016-01-15 19:30:31,417 [8] INFO  SqlResult - 

2016-01-15 19:30:31,417 [8] INFO  SqlResult - -- 正在 2016/1/15 19:30:31 +08:00
 执行
2016-01-15 19:30:31,533 [8] INFO  SqlResult - -- 已在 115 毫秒内失败，错误为: 对象名 'dbo.__MigrationHistory' 无效。

2016-01-15 19:30:31,533 [8] INFO  SqlResult - 

2016-01-15 19:30:31,624 [8] INFO  SqlResult - 已于 2016/1/15 19:30:31 +08:00
 关闭了连接
2016-01-15 19:30:32,021 [8] INFO  SqlResult - 已于 2016/1/15 19:30:32 +08:00
 打开了连接
2016-01-15 19:30:32,125 [8] INFO  SqlResult - SELECT TOP (1) 
    [Extent1].[ID] AS [ID], 
    [Extent1].[UserName] AS [UserName], 
    [Extent1].[Password] AS [Password], 
    [Extent1].[role_id] AS [role_id], 
    [Extent1].[Login] AS [Login], 
    [Extent1].[reg_time] AS [reg_time], 
    [Extent1].[login_time] AS [login_time], 
    [Extent1].[update_time] AS [update_time], 
    [Extent1].[login_ip] AS [login_ip], 
    [Extent1].[Status] AS [Status], 
    [Extent1].[Remark] AS [Remark]
    FROM [dbo].[eb_admin] AS [Extent1]
    WHERE (([Extent1].[UserName] = @p__linq__0) OR (([Extent1].[UserName] IS NULL) AND (@p__linq__0 IS NULL))) AND (([Extent1].[Password] = @p__linq__1) OR (([Extent1].[Password] IS NULL) AND (@p__linq__1 IS NULL)))
2016-01-15 19:30:32,125 [8] INFO  SqlResult - 

2016-01-15 19:30:32,125 [8] INFO  SqlResult - -- p__linq__0: 'admin' (Type = String, Size = 4000)

2016-01-15 19:30:32,125 [8] INFO  SqlResult - -- p__linq__1: '21232f297a57a5a743894a0e4a801fc3' (Type = String, Size = 4000)

2016-01-15 19:30:32,125 [8] INFO  SqlResult - -- 正在 2016/1/15 19:30:32 +08:00
 执行
2016-01-15 19:30:32,136 [8] INFO  SqlResult - -- 已在 10 毫秒内完成，结果为: SqlDataReader

2016-01-15 19:30:32,136 [8] INFO  SqlResult - 

2016-01-15 19:30:32,186 [8] INFO  SqlResult - 已于 2016/1/15 19:30:32 +08:00
 关闭了连接
2016-01-15 19:30:36,458 [8] INFO  SqlResult - 已于 2016/1/15 19:30:36 +08:00
 打开了连接
2016-01-15 19:30:36,463 [8] INFO  SqlResult - 已于 2016/1/15 19:30:36 +08:00
 启动了事务
2016-01-15 19:30:36,550 [8] INFO  SqlResult - UPDATE [dbo].[eb_admin]
SET [UserName] = @0, [Password] = @1, [role_id] = @2, [Login] = @3, [reg_time] = @4, [login_time] = @5, [update_time] = @6, [login_ip] = @7, [Status] = @8, [Remark] = NULL
WHERE ([ID] = @9)

2016-01-15 19:30:36,551 [8] INFO  SqlResult - -- @0: 'admin' (Type = String, Size = 50)

2016-01-15 19:30:36,551 [8] INFO  SqlResult - -- @1: '21232f297a57a5a743894a0e4a801fc3' (Type = String, Size = -1)

2016-01-15 19:30:36,551 [8] INFO  SqlResult - -- @2: '1' (Type = Int32)

2016-01-15 19:30:36,551 [8] INFO  SqlResult - -- @3: '109' (Type = Int32)

2016-01-15 19:30:36,551 [8] INFO  SqlResult - -- @4: '2015/1/15 0:00:00' (Type = DateTime2)

2016-01-15 19:30:36,551 [8] INFO  SqlResult - -- @5: '2016/1/15 19:30:34' (Type = DateTime2)

2016-01-15 19:30:36,551 [8] INFO  SqlResult - -- @6: '2015/1/15 0:00:00' (Type = DateTime2)

2016-01-15 19:30:36,551 [8] INFO  SqlResult - -- @7: '::1' (Type = String, Size = -1)

2016-01-15 19:30:36,551 [8] INFO  SqlResult - -- @8: '0' (Type = Int32)

2016-01-15 19:30:36,551 [8] INFO  SqlResult - -- @9: '1' (Type = Int32)

2016-01-15 19:30:36,551 [8] INFO  SqlResult - -- 正在 2016/1/15 19:30:36 +08:00
 执行
2016-01-15 19:30:36,568 [8] INFO  SqlResult - -- 已在 16 毫秒内完成，结果为: 1

2016-01-15 19:30:36,568 [8] INFO  SqlResult - 

2016-01-15 19:30:36,577 [8] INFO  SqlResult - 已于 2016/1/15 19:30:36 +08:00
 提交了事务
2016-01-15 19:30:36,577 [8] INFO  SqlResult - 已于 2016/1/15 19:30:36 +08:00
 关闭了连接
2016-01-15 19:41:22,309 [9] INFO  SqlResult - 已于 2016/1/15 19:41:22 +08:00
 打开了连接
2016-01-15 19:41:22,316 [9] INFO  SqlResult - 
SELECT Count(*)
FROM INFORMATION_SCHEMA.TABLES AS t
WHERE t.TABLE_SCHEMA + '.' + t.TABLE_NAME IN ('dbo.eb_admin','dbo.eb_role','dbo.eb_operate','dbo.eb_purview_field','dbo.eb_user')
    OR t.TABLE_NAME = 'EdmMetadata'
2016-01-15 19:41:22,316 [9] INFO  SqlResult - 

2016-01-15 19:41:22,317 [9] INFO  SqlResult - -- 正在 2016/1/15 19:41:22 +08:00
 执行
2016-01-15 19:41:22,330 [9] INFO  SqlResult - -- 已在 12 毫秒内完成，结果为: 4

2016-01-15 19:41:22,330 [9] INFO  SqlResult - 

2016-01-15 19:41:22,330 [9] INFO  SqlResult - 已于 2016/1/15 19:41:22 +08:00
 关闭了连接
2016-01-15 19:41:22,559 [9] INFO  SqlResult - 已于 2016/1/15 19:41:22 +08:00
 打开了连接
2016-01-15 19:41:23,177 [9] INFO  SqlResult - SELECT 
    [GroupBy1].[A1] AS [C1]
    FROM ( SELECT 
        COUNT(1) AS [A1]
        FROM [dbo].[__MigrationHistory] AS [Extent1]
        WHERE [Extent1].[ContextKey] = @p__linq__0
    )  AS [GroupBy1]
2016-01-15 19:41:23,177 [9] INFO  SqlResult - 

2016-01-15 19:41:23,177 [9] INFO  SqlResult - -- p__linq__0: 'DataAccess.Context.MySqlContext' (Type = String, Size = 4000)

2016-01-15 19:41:23,177 [9] INFO  SqlResult - -- 正在 2016/1/15 19:41:23 +08:00
 执行
2016-01-15 19:41:23,317 [9] INFO  SqlResult - -- 已在 139 毫秒内失败，错误为: 对象名 'dbo.__MigrationHistory' 无效。

2016-01-15 19:41:23,317 [9] INFO  SqlResult - 

2016-01-15 19:41:23,414 [9] INFO  SqlResult - 已于 2016/1/15 19:41:23 +08:00
 关闭了连接
2016-01-15 19:41:23,472 [9] INFO  SqlResult - 已于 2016/1/15 19:41:23 +08:00
 打开了连接
2016-01-15 19:41:23,473 [9] INFO  SqlResult - SELECT 
    [GroupBy1].[A1] AS [C1]
    FROM ( SELECT 
        COUNT(1) AS [A1]
        FROM [dbo].[__MigrationHistory] AS [Extent1]
    )  AS [GroupBy1]
2016-01-15 19:41:23,473 [9] INFO  SqlResult - 

2016-01-15 19:41:23,473 [9] INFO  SqlResult - -- 正在 2016/1/15 19:41:23 +08:00
 执行
2016-01-15 19:41:23,593 [9] INFO  SqlResult - -- 已在 120 毫秒内失败，错误为: 对象名 'dbo.__MigrationHistory' 无效。

2016-01-15 19:41:23,594 [9] INFO  SqlResult - 

2016-01-15 19:41:23,684 [9] INFO  SqlResult - 已于 2016/1/15 19:41:23 +08:00
 关闭了连接
2016-01-15 19:41:24,089 [9] INFO  SqlResult - 已于 2016/1/15 19:41:24 +08:00
 打开了连接
2016-01-15 19:41:24,227 [9] INFO  SqlResult - SELECT TOP (1) 
    [Extent1].[ID] AS [ID], 
    [Extent1].[UserName] AS [UserName], 
    [Extent1].[Password] AS [Password], 
    [Extent1].[role_id] AS [role_id], 
    [Extent1].[Login] AS [Login], 
    [Extent1].[reg_time] AS [reg_time], 
    [Extent1].[login_time] AS [login_time], 
    [Extent1].[update_time] AS [update_time], 
    [Extent1].[login_ip] AS [login_ip], 
    [Extent1].[Status] AS [Status], 
    [Extent1].[Remark] AS [Remark]
    FROM [dbo].[eb_admin] AS [Extent1]
    WHERE (([Extent1].[UserName] = @p__linq__0) OR (([Extent1].[UserName] IS NULL) AND (@p__linq__0 IS NULL))) AND (([Extent1].[Password] = @p__linq__1) OR (([Extent1].[Password] IS NULL) AND (@p__linq__1 IS NULL)))
2016-01-15 19:41:24,227 [9] INFO  SqlResult - 

2016-01-15 19:41:24,227 [9] INFO  SqlResult - -- p__linq__0: 'admin' (Type = String, Size = 4000)

2016-01-15 19:41:24,227 [9] INFO  SqlResult - -- p__linq__1: '21232f297a57a5a743894a0e4a801fc3' (Type = String, Size = 4000)

2016-01-15 19:41:24,227 [9] INFO  SqlResult - -- 正在 2016/1/15 19:41:24 +08:00
 执行
2016-01-15 19:41:24,239 [9] INFO  SqlResult - -- 已在 11 毫秒内完成，结果为: SqlDataReader

2016-01-15 19:41:24,239 [9] INFO  SqlResult - 

2016-01-15 19:41:24,287 [9] INFO  SqlResult - 已于 2016/1/15 19:41:24 +08:00
 关闭了连接
2016-01-15 19:41:32,157 [9] INFO  SqlResult - 已于 2016/1/15 19:41:32 +08:00
 打开了连接
2016-01-15 19:41:32,164 [9] INFO  SqlResult - 已于 2016/1/15 19:41:32 +08:00
 启动了事务
2016-01-15 19:41:32,253 [9] INFO  SqlResult - UPDATE [dbo].[eb_admin]
SET [UserName] = @0, [Password] = @1, [role_id] = @2, [Login] = @3, [reg_time] = @4, [login_time] = @5, [update_time] = @6, [login_ip] = @7, [Status] = @8, [Remark] = NULL
WHERE ([ID] = @9)

2016-01-15 19:41:32,253 [9] INFO  SqlResult - -- @0: 'admin' (Type = String, Size = 50)

2016-01-15 19:41:32,253 [9] INFO  SqlResult - -- @1: '21232f297a57a5a743894a0e4a801fc3' (Type = String, Size = -1)

2016-01-15 19:41:32,253 [9] INFO  SqlResult - -- @2: '1' (Type = Int32)

2016-01-15 19:41:32,254 [9] INFO  SqlResult - -- @3: '110' (Type = Int32)

2016-01-15 19:41:32,254 [9] INFO  SqlResult - -- @4: '2015/1/15 0:00:00' (Type = DateTime2)

2016-01-15 19:41:32,254 [9] INFO  SqlResult - -- @5: '2016/1/15 19:41:29' (Type = DateTime2)

2016-01-15 19:41:32,254 [9] INFO  SqlResult - -- @6: '2015/1/15 0:00:00' (Type = DateTime2)

2016-01-15 19:41:32,254 [9] INFO  SqlResult - -- @7: '::1' (Type = String, Size = -1)

2016-01-15 19:41:32,254 [9] INFO  SqlResult - -- @8: '0' (Type = Int32)

2016-01-15 19:41:32,254 [9] INFO  SqlResult - -- @9: '1' (Type = Int32)

2016-01-15 19:41:32,254 [9] INFO  SqlResult - -- 正在 2016/1/15 19:41:32 +08:00
 执行
2016-01-15 19:41:32,270 [9] INFO  SqlResult - -- 已在 15 毫秒内完成，结果为: 1

2016-01-15 19:41:32,270 [9] INFO  SqlResult - 

2016-01-15 19:41:32,279 [9] INFO  SqlResult - 已于 2016/1/15 19:41:32 +08:00
 提交了事务
2016-01-15 19:41:32,280 [9] INFO  SqlResult - 已于 2016/1/15 19:41:32 +08:00
 关闭了连接
