2016-01-16 15:15:00,259 [7] INFO  SqlResult - 已于 2016/1/16 15:15:00 +08:00
 打开了连接
2016-01-16 15:15:00,267 [7] INFO  SqlResult - 
SELECT Count(*)
FROM INFORMATION_SCHEMA.TABLES AS t
WHERE t.TABLE_SCHEMA + '.' + t.TABLE_NAME IN ('dbo.eb_admin','dbo.eb_role','dbo.eb_operate','dbo.eb_purview_field','dbo.eb_user')
    OR t.TABLE_NAME = 'EdmMetadata'
2016-01-16 15:15:00,267 [7] INFO  SqlResult - 

2016-01-16 15:15:00,267 [7] INFO  SqlResult - -- 正在 2016/1/16 15:15:00 +08:00
 执行
2016-01-16 15:15:00,298 [7] INFO  SqlResult - -- 已在 29 毫秒内完成，结果为: 4

2016-01-16 15:15:00,298 [7] INFO  SqlResult - 

2016-01-16 15:15:00,298 [7] INFO  SqlResult - 已于 2016/1/16 15:15:00 +08:00
 关闭了连接
2016-01-16 15:15:00,411 [7] INFO  SqlResult - 已于 2016/1/16 15:15:00 +08:00
 打开了连接
2016-01-16 15:15:01,038 [7] INFO  SqlResult - SELECT 
    [GroupBy1].[A1] AS [C1]
    FROM ( SELECT 
        COUNT(1) AS [A1]
        FROM [dbo].[__MigrationHistory] AS [Extent1]
        WHERE [Extent1].[ContextKey] = @p__linq__0
    )  AS [GroupBy1]
2016-01-16 15:15:01,038 [7] INFO  SqlResult - 

2016-01-16 15:15:01,038 [7] INFO  SqlResult - -- p__linq__0: 'DataAccess.Context.MySqlContext' (Type = String, Size = 4000)

2016-01-16 15:15:01,038 [7] INFO  SqlResult - -- 正在 2016/1/16 15:15:01 +08:00
 执行
2016-01-16 15:15:01,175 [7] INFO  SqlResult - -- 已在 136 毫秒内失败，错误为: 对象名 'dbo.__MigrationHistory' 无效。

2016-01-16 15:15:01,175 [7] INFO  SqlResult - 

2016-01-16 15:15:01,263 [7] INFO  SqlResult - 已于 2016/1/16 15:15:01 +08:00
 关闭了连接
2016-01-16 15:15:01,319 [7] INFO  SqlResult - 已于 2016/1/16 15:15:01 +08:00
 打开了连接
2016-01-16 15:15:01,320 [7] INFO  SqlResult - SELECT 
    [GroupBy1].[A1] AS [C1]
    FROM ( SELECT 
        COUNT(1) AS [A1]
        FROM [dbo].[__MigrationHistory] AS [Extent1]
    )  AS [GroupBy1]
2016-01-16 15:15:01,320 [7] INFO  SqlResult - 

2016-01-16 15:15:01,320 [7] INFO  SqlResult - -- 正在 2016/1/16 15:15:01 +08:00
 执行
2016-01-16 15:15:01,431 [7] INFO  SqlResult - -- 已在 110 毫秒内失败，错误为: 对象名 'dbo.__MigrationHistory' 无效。

2016-01-16 15:15:01,431 [7] INFO  SqlResult - 

2016-01-16 15:15:01,518 [7] INFO  SqlResult - 已于 2016/1/16 15:15:01 +08:00
 关闭了连接
2016-01-16 15:15:01,906 [7] INFO  SqlResult - 已于 2016/1/16 15:15:01 +08:00
 打开了连接
2016-01-16 15:15:02,009 [7] INFO  SqlResult - SELECT TOP (1) 
    [Extent1].[ID] AS [ID], 
    [Extent1].[UserName] AS [UserName], 
    [Extent1].[Password] AS [Password], 
    [Extent1].[role_id] AS [role_id], 
    [Extent1].[Login] AS [Login], 
    [Extent1].[reg_time] AS [reg_time], 
    [Extent1].[login_time] AS [login_time], 
    [Extent1].[update_time] AS [update_time], 
    [Extent1].[login_ip] AS [login_ip], 
    [Extent1].[Status] AS [Status], 
    [Extent1].[Remark] AS [Remark]
    FROM [dbo].[eb_admin] AS [Extent1]
    WHERE (([Extent1].[UserName] = @p__linq__0) OR (([Extent1].[UserName] IS NULL) AND (@p__linq__0 IS NULL))) AND (([Extent1].[Password] = @p__linq__1) OR (([Extent1].[Password] IS NULL) AND (@p__linq__1 IS NULL)))
2016-01-16 15:15:02,009 [7] INFO  SqlResult - 

2016-01-16 15:15:02,009 [7] INFO  SqlResult - -- p__linq__0: 'admin' (Type = String, Size = 4000)

2016-01-16 15:15:02,009 [7] INFO  SqlResult - -- p__linq__1: '21232f297a57a5a743894a0e4a801fc3' (Type = String, Size = 4000)

2016-01-16 15:15:02,009 [7] INFO  SqlResult - -- 正在 2016/1/16 15:15:02 +08:00
 执行
2016-01-16 15:15:02,024 [7] INFO  SqlResult - -- 已在 15 毫秒内完成，结果为: SqlDataReader

2016-01-16 15:15:02,024 [7] INFO  SqlResult - 

2016-01-16 15:15:02,071 [7] INFO  SqlResult - 已于 2016/1/16 15:15:02 +08:00
 关闭了连接
2016-01-16 15:15:02,109 [7] INFO  SqlResult - 已于 2016/1/16 15:15:02 +08:00
 打开了连接
2016-01-16 15:15:02,111 [7] INFO  SqlResult - 已于 2016/1/16 15:15:02 +08:00
 启动了事务
2016-01-16 15:15:02,181 [7] INFO  SqlResult - UPDATE [dbo].[eb_admin]
SET [UserName] = @0, [Password] = @1, [role_id] = @2, [Login] = @3, [reg_time] = @4, [login_time] = @5, [update_time] = @6, [login_ip] = @7, [Status] = @8, [Remark] = NULL
WHERE ([ID] = @9)

2016-01-16 15:15:02,182 [7] INFO  SqlResult - -- @0: 'admin' (Type = String, Size = 50)

2016-01-16 15:15:02,182 [7] INFO  SqlResult - -- @1: '21232f297a57a5a743894a0e4a801fc3' (Type = String, Size = -1)

2016-01-16 15:15:02,182 [7] INFO  SqlResult - -- @2: '1' (Type = Int32)

2016-01-16 15:15:02,182 [7] INFO  SqlResult - -- @3: '111' (Type = Int32)

2016-01-16 15:15:02,182 [7] INFO  SqlResult - -- @4: '2015/1/15 0:00:00' (Type = DateTime2)

2016-01-16 15:15:02,182 [7] INFO  SqlResult - -- @5: '2016/1/16 15:15:02' (Type = DateTime2)

2016-01-16 15:15:02,182 [7] INFO  SqlResult - -- @6: '2015/1/15 0:00:00' (Type = DateTime2)

2016-01-16 15:15:02,182 [7] INFO  SqlResult - -- @7: '::1' (Type = String, Size = -1)

2016-01-16 15:15:02,182 [7] INFO  SqlResult - -- @8: '0' (Type = Int32)

2016-01-16 15:15:02,182 [7] INFO  SqlResult - -- @9: '1' (Type = Int32)

2016-01-16 15:15:02,182 [7] INFO  SqlResult - -- 正在 2016/1/16 15:15:02 +08:00
 执行
2016-01-16 15:15:02,202 [7] INFO  SqlResult - -- 已在 19 毫秒内完成，结果为: 1

2016-01-16 15:15:02,202 [7] INFO  SqlResult - 

2016-01-16 15:15:02,206 [7] INFO  SqlResult - 已于 2016/1/16 15:15:02 +08:00
 提交了事务
2016-01-16 15:15:02,206 [7] INFO  SqlResult - 已于 2016/1/16 15:15:02 +08:00
 关闭了连接
2016-01-16 15:19:27,180 [9] INFO  SqlResult - 已于 2016/1/16 15:19:27 +08:00
 打开了连接
2016-01-16 15:19:27,187 [9] INFO  SqlResult - 
SELECT Count(*)
FROM INFORMATION_SCHEMA.TABLES AS t
WHERE t.TABLE_SCHEMA + '.' + t.TABLE_NAME IN ('dbo.eb_admin','dbo.eb_role','dbo.eb_operate','dbo.eb_purview_field','dbo.eb_user')
    OR t.TABLE_NAME = 'EdmMetadata'
2016-01-16 15:19:27,187 [9] INFO  SqlResult - 

2016-01-16 15:19:27,187 [9] INFO  SqlResult - -- 正在 2016/1/16 15:19:27 +08:00
 执行
2016-01-16 15:19:27,204 [9] INFO  SqlResult - -- 已在 15 毫秒内完成，结果为: 4

2016-01-16 15:19:27,204 [9] INFO  SqlResult - 

2016-01-16 15:19:27,204 [9] INFO  SqlResult - 已于 2016/1/16 15:19:27 +08:00
 关闭了连接
2016-01-16 15:19:27,287 [9] INFO  SqlResult - 已于 2016/1/16 15:19:27 +08:00
 打开了连接
2016-01-16 15:19:27,935 [9] INFO  SqlResult - SELECT 
    [GroupBy1].[A1] AS [C1]
    FROM ( SELECT 
        COUNT(1) AS [A1]
        FROM [dbo].[__MigrationHistory] AS [Extent1]
        WHERE [Extent1].[ContextKey] = @p__linq__0
    )  AS [GroupBy1]
2016-01-16 15:19:27,936 [9] INFO  SqlResult - 

2016-01-16 15:19:27,936 [9] INFO  SqlResult - -- p__linq__0: 'DataAccess.Context.MySqlContext' (Type = String, Size = 4000)

2016-01-16 15:19:27,936 [9] INFO  SqlResult - -- 正在 2016/1/16 15:19:27 +08:00
 执行
2016-01-16 15:19:28,067 [9] INFO  SqlResult - -- 已在 130 毫秒内失败，错误为: 对象名 'dbo.__MigrationHistory' 无效。

2016-01-16 15:19:28,067 [9] INFO  SqlResult - 

2016-01-16 15:19:28,159 [9] INFO  SqlResult - 已于 2016/1/16 15:19:28 +08:00
 关闭了连接
2016-01-16 15:19:28,216 [9] INFO  SqlResult - 已于 2016/1/16 15:19:28 +08:00
 打开了连接
2016-01-16 15:19:28,217 [9] INFO  SqlResult - SELECT 
    [GroupBy1].[A1] AS [C1]
    FROM ( SELECT 
        COUNT(1) AS [A1]
        FROM [dbo].[__MigrationHistory] AS [Extent1]
    )  AS [GroupBy1]
2016-01-16 15:19:28,217 [9] INFO  SqlResult - 

2016-01-16 15:19:28,217 [9] INFO  SqlResult - -- 正在 2016/1/16 15:19:28 +08:00
 执行
2016-01-16 15:19:28,332 [9] INFO  SqlResult - -- 已在 114 毫秒内失败，错误为: 对象名 'dbo.__MigrationHistory' 无效。

2016-01-16 15:19:28,332 [9] INFO  SqlResult - 

2016-01-16 15:19:28,418 [9] INFO  SqlResult - 已于 2016/1/16 15:19:28 +08:00
 关闭了连接
2016-01-16 15:19:28,806 [9] INFO  SqlResult - 已于 2016/1/16 15:19:28 +08:00
 打开了连接
2016-01-16 15:19:28,910 [9] INFO  SqlResult - SELECT TOP (1) 
    [Extent1].[ID] AS [ID], 
    [Extent1].[UserName] AS [UserName], 
    [Extent1].[Password] AS [Password], 
    [Extent1].[role_id] AS [role_id], 
    [Extent1].[Login] AS [Login], 
    [Extent1].[reg_time] AS [reg_time], 
    [Extent1].[login_time] AS [login_time], 
    [Extent1].[update_time] AS [update_time], 
    [Extent1].[login_ip] AS [login_ip], 
    [Extent1].[Status] AS [Status], 
    [Extent1].[Remark] AS [Remark]
    FROM [dbo].[eb_admin] AS [Extent1]
    WHERE (([Extent1].[UserName] = @p__linq__0) OR (([Extent1].[UserName] IS NULL) AND (@p__linq__0 IS NULL))) AND (([Extent1].[Password] = @p__linq__1) OR (([Extent1].[Password] IS NULL) AND (@p__linq__1 IS NULL)))
2016-01-16 15:19:28,910 [9] INFO  SqlResult - 

2016-01-16 15:19:28,910 [9] INFO  SqlResult - -- p__linq__0: 'admin' (Type = String, Size = 4000)

2016-01-16 15:19:28,910 [9] INFO  SqlResult - -- p__linq__1: '21232f297a57a5a743894a0e4a801fc3' (Type = String, Size = 4000)

2016-01-16 15:19:28,910 [9] INFO  SqlResult - -- 正在 2016/1/16 15:19:28 +08:00
 执行
2016-01-16 15:19:28,920 [9] INFO  SqlResult - -- 已在 10 毫秒内完成，结果为: SqlDataReader

2016-01-16 15:19:28,921 [9] INFO  SqlResult - 

2016-01-16 15:19:28,969 [9] INFO  SqlResult - 已于 2016/1/16 15:19:28 +08:00
 关闭了连接
2016-01-16 15:19:29,008 [9] INFO  SqlResult - 已于 2016/1/16 15:19:29 +08:00
 打开了连接
2016-01-16 15:19:29,010 [9] INFO  SqlResult - 已于 2016/1/16 15:19:29 +08:00
 启动了事务
2016-01-16 15:19:29,080 [9] INFO  SqlResult - UPDATE [dbo].[eb_admin]
SET [UserName] = @0, [Password] = @1, [role_id] = @2, [Login] = @3, [reg_time] = @4, [login_time] = @5, [update_time] = @6, [login_ip] = @7, [Status] = @8, [Remark] = NULL
WHERE ([ID] = @9)

2016-01-16 15:19:29,081 [9] INFO  SqlResult - -- @0: 'admin' (Type = String, Size = 50)

2016-01-16 15:19:29,081 [9] INFO  SqlResult - -- @1: '21232f297a57a5a743894a0e4a801fc3' (Type = String, Size = -1)

2016-01-16 15:19:29,081 [9] INFO  SqlResult - -- @2: '1' (Type = Int32)

2016-01-16 15:19:29,081 [9] INFO  SqlResult - -- @3: '112' (Type = Int32)

2016-01-16 15:19:29,081 [9] INFO  SqlResult - -- @4: '2015/1/15 0:00:00' (Type = DateTime2)

2016-01-16 15:19:29,081 [9] INFO  SqlResult - -- @5: '2016/1/16 15:19:28' (Type = DateTime2)

2016-01-16 15:19:29,081 [9] INFO  SqlResult - -- @6: '2015/1/15 0:00:00' (Type = DateTime2)

2016-01-16 15:19:29,081 [9] INFO  SqlResult - -- @7: '::1' (Type = String, Size = -1)

2016-01-16 15:19:29,081 [9] INFO  SqlResult - -- @8: '0' (Type = Int32)

2016-01-16 15:19:29,081 [9] INFO  SqlResult - -- @9: '1' (Type = Int32)

2016-01-16 15:19:29,081 [9] INFO  SqlResult - -- 正在 2016/1/16 15:19:29 +08:00
 执行
2016-01-16 15:19:29,097 [9] INFO  SqlResult - -- 已在 15 毫秒内完成，结果为: 1

2016-01-16 15:19:29,097 [9] INFO  SqlResult - 

2016-01-16 15:19:29,102 [9] INFO  SqlResult - 已于 2016/1/16 15:19:29 +08:00
 提交了事务
2016-01-16 15:19:29,103 [9] INFO  SqlResult - 已于 2016/1/16 15:19:29 +08:00
 关闭了连接
2016-01-16 15:20:43,710 [7] INFO  SqlResult - 已于 2016/1/16 15:20:43 +08:00
 打开了连接
2016-01-16 15:20:43,718 [7] INFO  SqlResult - 
SELECT Count(*)
FROM INFORMATION_SCHEMA.TABLES AS t
WHERE t.TABLE_SCHEMA + '.' + t.TABLE_NAME IN ('dbo.eb_admin','dbo.eb_role','dbo.eb_operate','dbo.eb_purview_field','dbo.eb_user','dbo.eb_features')
    OR t.TABLE_NAME = 'EdmMetadata'
2016-01-16 15:20:43,718 [7] INFO  SqlResult - 

2016-01-16 15:20:43,718 [7] INFO  SqlResult - -- 正在 2016/1/16 15:20:43 +08:00
 执行
2016-01-16 15:20:43,737 [7] INFO  SqlResult - -- 已在 17 毫秒内完成，结果为: 5

2016-01-16 15:20:43,737 [7] INFO  SqlResult - 

2016-01-16 15:20:43,737 [7] INFO  SqlResult - 已于 2016/1/16 15:20:43 +08:00
 关闭了连接
2016-01-16 15:20:43,801 [8] INFO  SqlResult - 已于 2016/1/16 15:20:43 +08:00
 打开了连接
2016-01-16 15:20:43,837 [7] INFO  SqlResult - 已于 2016/1/16 15:20:43 +08:00
 打开了连接
2016-01-16 15:20:44,387 [7] INFO  SqlResult - SELECT 
    [GroupBy1].[A1] AS [C1]
    FROM ( SELECT 
        COUNT(1) AS [A1]
        FROM [dbo].[__MigrationHistory] AS [Extent1]
        WHERE [Extent1].[ContextKey] = @p__linq__0
    )  AS [GroupBy1]
2016-01-16 15:20:44,387 [7] INFO  SqlResult - 

2016-01-16 15:20:44,388 [7] INFO  SqlResult - -- p__linq__0: 'DataAccess.Context.MySqlContext' (Type = String, Size = 4000)

2016-01-16 15:20:44,388 [7] INFO  SqlResult - -- 正在 2016/1/16 15:20:44 +08:00
 执行
2016-01-16 15:20:44,493 [8] INFO  SqlResult - SELECT 
    [Extent1].[ID] AS [ID], 
    [Extent1].[Pid] AS [Pid], 
    [Extent1].[depth_pid] AS [depth_pid], 
    [Extent1].[Name] AS [Name], 
    [Extent1].[Url] AS [Url], 
    [Extent1].[Remark] AS [Remark], 
    [Extent1].[Type] AS [Type], 
    [Extent1].[Sort] AS [Sort], 
    [Extent1].[Icon] AS [Icon]
    FROM [dbo].[eb_features] AS [Extent1]
2016-01-16 15:20:44,493 [8] INFO  SqlResult - 

2016-01-16 15:20:44,493 [8] INFO  SqlResult - -- 正在 2016/1/16 15:20:44 +08:00
 执行
2016-01-16 15:20:44,563 [7] INFO  SqlResult - -- 已在 51 毫秒内失败，错误为: 对象名 'dbo.__MigrationHistory' 无效。

2016-01-16 15:20:44,563 [7] INFO  SqlResult - 

2016-01-16 15:20:44,563 [8] INFO  SqlResult - -- 已在 51 毫秒内完成，结果为: SqlDataReader

2016-01-16 15:20:44,563 [8] INFO  SqlResult - 

2016-01-16 15:20:44,666 [7] INFO  SqlResult - 已于 2016/1/16 15:20:44 +08:00
 关闭了连接
2016-01-16 15:20:44,729 [7] INFO  SqlResult - 已于 2016/1/16 15:20:44 +08:00
 打开了连接
2016-01-16 15:20:44,730 [7] INFO  SqlResult - SELECT 
    [GroupBy1].[A1] AS [C1]
    FROM ( SELECT 
        COUNT(1) AS [A1]
        FROM [dbo].[__MigrationHistory] AS [Extent1]
    )  AS [GroupBy1]
2016-01-16 15:20:44,730 [7] INFO  SqlResult - 

2016-01-16 15:20:44,730 [7] INFO  SqlResult - -- 正在 2016/1/16 15:20:44 +08:00
 执行
2016-01-16 15:20:44,730 [8] INFO  SqlResult - 已于 2016/1/16 15:20:44 +08:00
 关闭了连接
2016-01-16 15:20:44,865 [7] INFO  SqlResult - -- 已在 135 毫秒内失败，错误为: 对象名 'dbo.__MigrationHistory' 无效。

2016-01-16 15:20:44,866 [7] INFO  SqlResult - 

2016-01-16 15:20:44,972 [7] INFO  SqlResult - 已于 2016/1/16 15:20:44 +08:00
 关闭了连接
2016-01-16 15:20:45,457 [7] INFO  SqlResult - 已于 2016/1/16 15:20:45 +08:00
 打开了连接
2016-01-16 15:20:45,457 [7] INFO  SqlResult - SELECT 
    [Extent1].[ID] AS [ID], 
    [Extent1].[Pid] AS [Pid], 
    [Extent1].[depth_pid] AS [depth_pid], 
    [Extent1].[Name] AS [Name], 
    [Extent1].[Url] AS [Url], 
    [Extent1].[Remark] AS [Remark], 
    [Extent1].[Type] AS [Type], 
    [Extent1].[Sort] AS [Sort], 
    [Extent1].[Icon] AS [Icon]
    FROM [dbo].[eb_features] AS [Extent1]
2016-01-16 15:20:45,457 [7] INFO  SqlResult - 

2016-01-16 15:20:45,457 [7] INFO  SqlResult - -- 正在 2016/1/16 15:20:45 +08:00
 执行
2016-01-16 15:20:45,471 [7] INFO  SqlResult - -- 已在 13 毫秒内完成，结果为: SqlDataReader

2016-01-16 15:20:45,471 [7] INFO  SqlResult - 

2016-01-16 15:20:45,471 [7] INFO  SqlResult - 已于 2016/1/16 15:20:45 +08:00
 关闭了连接
2016-01-16 15:22:55,621 [11] INFO  SqlResult - 已于 2016/1/16 15:22:55 +08:00
 打开了连接
2016-01-16 15:22:55,622 [11] INFO  SqlResult - SELECT 
    [Extent1].[ID] AS [ID], 
    [Extent1].[Pid] AS [Pid], 
    [Extent1].[depth_pid] AS [depth_pid], 
    [Extent1].[Name] AS [Name], 
    [Extent1].[Url] AS [Url], 
    [Extent1].[Remark] AS [Remark], 
    [Extent1].[Type] AS [Type], 
    [Extent1].[Sort] AS [Sort], 
    [Extent1].[Icon] AS [Icon]
    FROM [dbo].[eb_features] AS [Extent1]
2016-01-16 15:22:55,622 [11] INFO  SqlResult - 

2016-01-16 15:22:55,622 [11] INFO  SqlResult - -- 正在 2016/1/16 15:22:55 +08:00
 执行
2016-01-16 15:22:55,644 [11] INFO  SqlResult - -- 已在 22 毫秒内完成，结果为: SqlDataReader

2016-01-16 15:22:55,644 [11] INFO  SqlResult - 

2016-01-16 15:22:55,644 [11] INFO  SqlResult - 已于 2016/1/16 15:22:55 +08:00
 关闭了连接
2016-01-16 15:22:59,016 [10] INFO  SqlResult - 已于 2016/1/16 15:22:59 +08:00
 打开了连接
2016-01-16 15:22:59,017 [10] INFO  SqlResult - SELECT 
    [Extent1].[ID] AS [ID], 
    [Extent1].[Pid] AS [Pid], 
    [Extent1].[depth_pid] AS [depth_pid], 
    [Extent1].[Name] AS [Name], 
    [Extent1].[Url] AS [Url], 
    [Extent1].[Remark] AS [Remark], 
    [Extent1].[Type] AS [Type], 
    [Extent1].[Sort] AS [Sort], 
    [Extent1].[Icon] AS [Icon]
    FROM [dbo].[eb_features] AS [Extent1]
2016-01-16 15:22:59,017 [10] INFO  SqlResult - 

2016-01-16 15:22:59,017 [10] INFO  SqlResult - -- 正在 2016/1/16 15:22:59 +08:00
 执行
2016-01-16 15:22:59,050 [10] INFO  SqlResult - -- 已在 32 毫秒内完成，结果为: SqlDataReader

2016-01-16 15:22:59,050 [10] INFO  SqlResult - 

2016-01-16 15:22:59,050 [10] INFO  SqlResult - 已于 2016/1/16 15:22:59 +08:00
 关闭了连接
2016-01-16 15:23:16,761 [10] INFO  SqlResult - 已于 2016/1/16 15:23:16 +08:00
 打开了连接
2016-01-16 15:23:16,762 [10] INFO  SqlResult - SELECT 
    [Extent1].[ID] AS [ID], 
    [Extent1].[Pid] AS [Pid], 
    [Extent1].[depth_pid] AS [depth_pid], 
    [Extent1].[Name] AS [Name], 
    [Extent1].[Url] AS [Url], 
    [Extent1].[Remark] AS [Remark], 
    [Extent1].[Type] AS [Type], 
    [Extent1].[Sort] AS [Sort], 
    [Extent1].[Icon] AS [Icon]
    FROM [dbo].[eb_features] AS [Extent1]
2016-01-16 15:23:16,762 [10] INFO  SqlResult - 

2016-01-16 15:23:16,762 [10] INFO  SqlResult - -- 正在 2016/1/16 15:23:16 +08:00
 执行
2016-01-16 15:23:16,783 [10] INFO  SqlResult - -- 已在 21 毫秒内完成，结果为: SqlDataReader

2016-01-16 15:23:16,783 [10] INFO  SqlResult - 

2016-01-16 15:23:16,784 [10] INFO  SqlResult - 已于 2016/1/16 15:23:16 +08:00
 关闭了连接
2016-01-16 15:25:02,594 [27] INFO  SqlResult - 已于 2016/1/16 15:25:02 +08:00
 打开了连接
2016-01-16 15:25:02,594 [27] INFO  SqlResult - SELECT 
    [Extent1].[ID] AS [ID], 
    [Extent1].[Pid] AS [Pid], 
    [Extent1].[depth_pid] AS [depth_pid], 
    [Extent1].[Name] AS [Name], 
    [Extent1].[Url] AS [Url], 
    [Extent1].[Remark] AS [Remark], 
    [Extent1].[Type] AS [Type], 
    [Extent1].[Sort] AS [Sort], 
    [Extent1].[Icon] AS [Icon]
    FROM [dbo].[eb_features] AS [Extent1]
2016-01-16 15:25:02,594 [27] INFO  SqlResult - 

2016-01-16 15:25:02,594 [27] INFO  SqlResult - -- 正在 2016/1/16 15:25:02 +08:00
 执行
2016-01-16 15:25:02,610 [27] INFO  SqlResult - -- 已在 15 毫秒内完成，结果为: SqlDataReader

2016-01-16 15:25:02,610 [27] INFO  SqlResult - 

2016-01-16 15:25:02,610 [27] INFO  SqlResult - 已于 2016/1/16 15:25:02 +08:00
 关闭了连接
2016-01-16 15:25:08,003 [29] INFO  SqlResult - 已于 2016/1/16 15:25:08 +08:00
 打开了连接
2016-01-16 15:25:08,003 [29] INFO  SqlResult - SELECT 
    [Extent1].[ID] AS [ID], 
    [Extent1].[Pid] AS [Pid], 
    [Extent1].[depth_pid] AS [depth_pid], 
    [Extent1].[Name] AS [Name], 
    [Extent1].[Url] AS [Url], 
    [Extent1].[Remark] AS [Remark], 
    [Extent1].[Type] AS [Type], 
    [Extent1].[Sort] AS [Sort], 
    [Extent1].[Icon] AS [Icon]
    FROM [dbo].[eb_features] AS [Extent1]
2016-01-16 15:25:08,003 [29] INFO  SqlResult - 

2016-01-16 15:25:08,003 [29] INFO  SqlResult - -- 正在 2016/1/16 15:25:08 +08:00
 执行
2016-01-16 15:25:08,035 [29] INFO  SqlResult - -- 已在 32 毫秒内完成，结果为: SqlDataReader

2016-01-16 15:25:08,035 [29] INFO  SqlResult - 

2016-01-16 15:25:08,035 [29] INFO  SqlResult - 已于 2016/1/16 15:25:08 +08:00
 关闭了连接
2016-01-16 15:26:45,913 [12] INFO  SqlResult - 已于 2016/1/16 15:26:45 +08:00
 打开了连接
2016-01-16 15:26:45,913 [12] INFO  SqlResult - SELECT 
    [Extent1].[ID] AS [ID], 
    [Extent1].[Pid] AS [Pid], 
    [Extent1].[depth_pid] AS [depth_pid], 
    [Extent1].[Name] AS [Name], 
    [Extent1].[Url] AS [Url], 
    [Extent1].[Remark] AS [Remark], 
    [Extent1].[Type] AS [Type], 
    [Extent1].[Sort] AS [Sort], 
    [Extent1].[Icon] AS [Icon]
    FROM [dbo].[eb_features] AS [Extent1]
2016-01-16 15:26:45,913 [12] INFO  SqlResult - 

2016-01-16 15:26:45,913 [12] INFO  SqlResult - -- 正在 2016/1/16 15:26:45 +08:00
 执行
2016-01-16 15:26:45,938 [12] INFO  SqlResult - -- 已在 24 毫秒内完成，结果为: SqlDataReader

2016-01-16 15:26:45,938 [12] INFO  SqlResult - 

2016-01-16 15:26:45,938 [12] INFO  SqlResult - 已于 2016/1/16 15:26:45 +08:00
 关闭了连接
2016-01-16 15:26:50,080 [12] INFO  SqlResult - 已于 2016/1/16 15:26:50 +08:00
 打开了连接
2016-01-16 15:26:50,080 [12] INFO  SqlResult - SELECT 
    [Extent1].[ID] AS [ID], 
    [Extent1].[Pid] AS [Pid], 
    [Extent1].[depth_pid] AS [depth_pid], 
    [Extent1].[Name] AS [Name], 
    [Extent1].[Url] AS [Url], 
    [Extent1].[Remark] AS [Remark], 
    [Extent1].[Type] AS [Type], 
    [Extent1].[Sort] AS [Sort], 
    [Extent1].[Icon] AS [Icon]
    FROM [dbo].[eb_features] AS [Extent1]
2016-01-16 15:26:50,081 [12] INFO  SqlResult - 

2016-01-16 15:26:50,081 [12] INFO  SqlResult - -- 正在 2016/1/16 15:26:50 +08:00
 执行
2016-01-16 15:26:50,112 [12] INFO  SqlResult - -- 已在 31 毫秒内完成，结果为: SqlDataReader

2016-01-16 15:26:50,112 [12] INFO  SqlResult - 

2016-01-16 15:26:50,112 [12] INFO  SqlResult - 已于 2016/1/16 15:26:50 +08:00
 关闭了连接
2016-01-16 15:27:50,050 [15] INFO  SqlResult - 已于 2016/1/16 15:27:50 +08:00
 打开了连接
2016-01-16 15:27:50,050 [15] INFO  SqlResult - SELECT 
    [Extent1].[ID] AS [ID], 
    [Extent1].[Pid] AS [Pid], 
    [Extent1].[depth_pid] AS [depth_pid], 
    [Extent1].[Name] AS [Name], 
    [Extent1].[Url] AS [Url], 
    [Extent1].[Remark] AS [Remark], 
    [Extent1].[Type] AS [Type], 
    [Extent1].[Sort] AS [Sort], 
    [Extent1].[Icon] AS [Icon]
    FROM [dbo].[eb_features] AS [Extent1]
2016-01-16 15:27:50,050 [15] INFO  SqlResult - 

2016-01-16 15:27:50,050 [15] INFO  SqlResult - -- 正在 2016/1/16 15:27:50 +08:00
 执行
2016-01-16 15:27:50,076 [15] INFO  SqlResult - -- 已在 25 毫秒内完成，结果为: SqlDataReader

2016-01-16 15:27:50,076 [15] INFO  SqlResult - 

2016-01-16 15:27:50,076 [15] INFO  SqlResult - 已于 2016/1/16 15:27:50 +08:00
 关闭了连接
2016-01-16 15:27:58,897 [15] INFO  SqlResult - 已于 2016/1/16 15:27:58 +08:00
 打开了连接
2016-01-16 15:27:58,898 [15] INFO  SqlResult - SELECT 
    [Extent1].[ID] AS [ID], 
    [Extent1].[Pid] AS [Pid], 
    [Extent1].[depth_pid] AS [depth_pid], 
    [Extent1].[Name] AS [Name], 
    [Extent1].[Url] AS [Url], 
    [Extent1].[Remark] AS [Remark], 
    [Extent1].[Type] AS [Type], 
    [Extent1].[Sort] AS [Sort], 
    [Extent1].[Icon] AS [Icon]
    FROM [dbo].[eb_features] AS [Extent1]
2016-01-16 15:27:58,898 [15] INFO  SqlResult - 

2016-01-16 15:27:58,898 [15] INFO  SqlResult - -- 正在 2016/1/16 15:27:58 +08:00
 执行
2016-01-16 15:27:58,927 [15] INFO  SqlResult - -- 已在 29 毫秒内完成，结果为: SqlDataReader

2016-01-16 15:27:58,927 [15] INFO  SqlResult - 

2016-01-16 15:27:58,927 [15] INFO  SqlResult - 已于 2016/1/16 15:27:58 +08:00
 关闭了连接
2016-01-16 15:28:03,289 [27] INFO  SqlResult - 已于 2016/1/16 15:28:03 +08:00
 打开了连接
2016-01-16 15:28:03,289 [27] INFO  SqlResult - SELECT 
    [Extent1].[ID] AS [ID], 
    [Extent1].[Pid] AS [Pid], 
    [Extent1].[depth_pid] AS [depth_pid], 
    [Extent1].[Name] AS [Name], 
    [Extent1].[Url] AS [Url], 
    [Extent1].[Remark] AS [Remark], 
    [Extent1].[Type] AS [Type], 
    [Extent1].[Sort] AS [Sort], 
    [Extent1].[Icon] AS [Icon]
    FROM [dbo].[eb_features] AS [Extent1]
2016-01-16 15:28:03,289 [27] INFO  SqlResult - 

2016-01-16 15:28:03,289 [27] INFO  SqlResult - -- 正在 2016/1/16 15:28:03 +08:00
 执行
2016-01-16 15:28:03,311 [27] INFO  SqlResult - -- 已在 21 毫秒内完成，结果为: SqlDataReader

2016-01-16 15:28:03,311 [27] INFO  SqlResult - 

2016-01-16 15:28:03,311 [27] INFO  SqlResult - 已于 2016/1/16 15:28:03 +08:00
 关闭了连接
2016-01-16 15:28:11,754 [19] INFO  SqlResult - 已于 2016/1/16 15:28:11 +08:00
 打开了连接
2016-01-16 15:28:11,754 [19] INFO  SqlResult - SELECT 
    [Extent1].[ID] AS [ID], 
    [Extent1].[Pid] AS [Pid], 
    [Extent1].[depth_pid] AS [depth_pid], 
    [Extent1].[Name] AS [Name], 
    [Extent1].[Url] AS [Url], 
    [Extent1].[Remark] AS [Remark], 
    [Extent1].[Type] AS [Type], 
    [Extent1].[Sort] AS [Sort], 
    [Extent1].[Icon] AS [Icon]
    FROM [dbo].[eb_features] AS [Extent1]
2016-01-16 15:28:11,754 [19] INFO  SqlResult - 

2016-01-16 15:28:11,754 [19] INFO  SqlResult - -- 正在 2016/1/16 15:28:11 +08:00
 执行
2016-01-16 15:28:11,788 [19] INFO  SqlResult - -- 已在 33 毫秒内完成，结果为: SqlDataReader

2016-01-16 15:28:11,788 [19] INFO  SqlResult - 

2016-01-16 15:28:11,788 [19] INFO  SqlResult - 已于 2016/1/16 15:28:11 +08:00
 关闭了连接
2016-01-16 15:28:13,141 [13] INFO  SqlResult - 已于 2016/1/16 15:28:13 +08:00
 打开了连接
2016-01-16 15:28:13,142 [13] INFO  SqlResult - SELECT 
    [Extent1].[ID] AS [ID], 
    [Extent1].[Pid] AS [Pid], 
    [Extent1].[depth_pid] AS [depth_pid], 
    [Extent1].[Name] AS [Name], 
    [Extent1].[Url] AS [Url], 
    [Extent1].[Remark] AS [Remark], 
    [Extent1].[Type] AS [Type], 
    [Extent1].[Sort] AS [Sort], 
    [Extent1].[Icon] AS [Icon]
    FROM [dbo].[eb_features] AS [Extent1]
2016-01-16 15:28:13,142 [13] INFO  SqlResult - 

2016-01-16 15:28:13,142 [13] INFO  SqlResult - -- 正在 2016/1/16 15:28:13 +08:00
 执行
2016-01-16 15:28:13,169 [13] INFO  SqlResult - -- 已在 27 毫秒内完成，结果为: SqlDataReader

2016-01-16 15:28:13,169 [13] INFO  SqlResult - 

2016-01-16 15:28:13,169 [13] INFO  SqlResult - 已于 2016/1/16 15:28:13 +08:00
 关闭了连接
2016-01-16 15:28:14,873 [13] INFO  SqlResult - 已于 2016/1/16 15:28:14 +08:00
 打开了连接
2016-01-16 15:28:14,873 [13] INFO  SqlResult - SELECT 
    [Extent1].[ID] AS [ID], 
    [Extent1].[Pid] AS [Pid], 
    [Extent1].[depth_pid] AS [depth_pid], 
    [Extent1].[Name] AS [Name], 
    [Extent1].[Url] AS [Url], 
    [Extent1].[Remark] AS [Remark], 
    [Extent1].[Type] AS [Type], 
    [Extent1].[Sort] AS [Sort], 
    [Extent1].[Icon] AS [Icon]
    FROM [dbo].[eb_features] AS [Extent1]
2016-01-16 15:28:14,873 [13] INFO  SqlResult - 

2016-01-16 15:28:14,873 [13] INFO  SqlResult - -- 正在 2016/1/16 15:28:14 +08:00
 执行
2016-01-16 15:28:14,894 [13] INFO  SqlResult - -- 已在 20 毫秒内完成，结果为: SqlDataReader

2016-01-16 15:28:14,894 [13] INFO  SqlResult - 

2016-01-16 15:28:14,894 [13] INFO  SqlResult - 已于 2016/1/16 15:28:14 +08:00
 关闭了连接
